#
# There is insufficient memory for the Java Runtime Environment to continue.
# Native memory allocation (malloc) failed to allocate 817136 bytes for Chunk::new
# Possible reasons:
#   The system is out of physical RAM or swap space
#   The process is running with CompressedOops enabled, and the Java Heap may be blocking the growth of the native heap
# Possible solutions:
#   Reduce memory load on the system
#   Increase physical memory or swap space
#   Check if swap backing store is full
#   Decrease Java heap size (-Xmx/-Xms)
#   Decrease number of Java threads
#   Decrease Java thread stack sizes (-Xss)
#   Set larger code cache with -XX:ReservedCodeCacheSize=
#   JVM is running with Unscaled Compressed Oops mode in which the Java heap is
#     placed in the first 4GB address space. The Java Heap base address is the
#     maximum limit for the native heap growth. Please use -XX:HeapBaseMinAddress
#     to set the Java Heap base and to place the Java Heap above 4GB virtual address.
# This output file may be truncated or incomplete.
#
#  Out of Memory Error (allocation.cpp:389), pid=3360, tid=0x00000000000009ac
#
# JRE version: OpenJDK Runtime Environment (8.0_372-b07) (build 1.8.0_372-b07)
# Java VM: OpenJDK 64-Bit Server VM (25.372-b07 mixed mode windows-amd64 compressed oops)
# Failed to write core dump. Minidumps are not enabled by default on client versions of Windows
#

---------------  T H R E A D  ---------------

Current thread (0x0000014ad06ca800):  JavaThread "C2 CompilerThread0" daemon [_thread_in_native, id=2476, stack(0x00000010b0d00000,0x00000010b0e00000)]

Stack: [0x00000010b0d00000,0x00000010b0e00000]
[error occurred during error reporting (printing stack bounds), id 0xc0000005]

Native frames: (J=compiled Java code, j=interpreted, Vv=VM code, C=native code)


Current CompileTask:
C2:   9042 2417   !   4       java.net.URLClassLoader$1::run (81 bytes)


---------------  P R O C E S S  ---------------

Java Threads: ( => current thread )
  0x0000014ad290b000 JavaThread "Cache worker for execution history cache (C:\Users\Admin\Downloads\FoodDeliveryApp-master\caches\5.6.4\executionHistory)" [_thread_blocked, id=4212, stack(0x00000010b2100000,0x00000010b2200000)]
  0x0000014ad290a000 JavaThread "Cache worker for cache directory md-rule (C:\Users\Admin\Downloads\FoodDeliveryApp-master\caches\5.6.4\md-rule)" [_thread_blocked, id=3536, stack(0x00000010b2000000,0x00000010b2100000)]
  0x0000014ad2906800 JavaThread "Cache worker for cache directory md-supplier (C:\Users\Admin\Downloads\FoodDeliveryApp-master\caches\5.6.4\md-supplier)" [_thread_blocked, id=116, stack(0x00000010b1f00000,0x00000010b2000000)]
  0x0000014ad2908800 JavaThread "Cache worker for file hash cache (C:\Users\Admin\Downloads\Perpustakaan-master\.gradle\5.6.4\fileHashes)" [_thread_blocked, id=5012, stack(0x00000010b1e00000,0x00000010b1f00000)]
  0x0000014ad2908000 JavaThread "Cache worker for journal cache (C:\Users\Admin\Downloads\FoodDeliveryApp-master\caches\journal-1)" [_thread_blocked, id=5400, stack(0x00000010b1d00000,0x00000010b1e00000)]
  0x0000014ad2909800 JavaThread "File lock request listener" [_thread_in_native, id=2848, stack(0x00000010b1c00000,0x00000010b1d00000)]
  0x0000014ad290c800 JavaThread "Cache worker for file hash cache (C:\Users\Admin\Downloads\FoodDeliveryApp-master\caches\5.6.4\fileHashes)" [_thread_blocked, id=5316, stack(0x00000010b1b00000,0x00000010b1c00000)]
  0x0000014ad27d3000 JavaThread "Thread-9" [_thread_blocked, id=3776, stack(0x00000010b1a00000,0x00000010b1b00000)]
  0x0000014ad27cc800 JavaThread "Stdin handler" [_thread_blocked, id=5480, stack(0x00000010b1900000,0x00000010b1a00000)]
  0x0000014ad27c7800 JavaThread "Asynchronous log dispatcher for DefaultDaemonConnection: socket connection from /127.0.0.1:51453 to /127.0.0.1:51454" [_thread_blocked, id=4672, stack(0x00000010b1800000,0x00000010b1900000)]
  0x0000014ad27d8000 JavaThread "Daemon worker" [_thread_in_Java, id=2232, stack(0x00000010b1700000,0x00000010b1800000)]
  0x0000014ad27bb000 JavaThread "Cancel handler" [_thread_blocked, id=5176, stack(0x00000010b1600000,0x00000010b1700000)]
  0x0000014ad26d8000 JavaThread "Handler for socket connection from /127.0.0.1:51453 to /127.0.0.1:51454" [_thread_in_native, id=5448, stack(0x00000010b1500000,0x00000010b1600000)]
  0x0000014ad26d7000 JavaThread "Daemon" [_thread_blocked, id=5684, stack(0x00000010b1400000,0x00000010b1500000)]
  0x0000014ad2776800 JavaThread "Daemon periodic checks" [_thread_blocked, id=2220, stack(0x00000010b1300000,0x00000010b1400000)]
  0x0000014ad26a4000 JavaThread "Incoming local TCP Connector on port 51453" [_thread_in_native, id=5760, stack(0x00000010b1200000,0x00000010b1300000)]
  0x0000014ad1f8e800 JavaThread "Daemon health stats" [_thread_blocked, id=32, stack(0x00000010b1100000,0x00000010b1200000)]
  0x0000014ad0739800 JavaThread "Service Thread" daemon [_thread_blocked, id=1044, stack(0x00000010b0f00000,0x00000010b1000000)]
  0x0000014ad06cc800 JavaThread "C1 CompilerThread1" daemon [_thread_blocked, id=4208, stack(0x00000010b0e00000,0x00000010b0f00000)]
=>0x0000014ad06ca800 JavaThread "C2 CompilerThread0" daemon [_thread_in_native, id=2476, stack(0x00000010b0d00000,0x00000010b0e00000)]
  0x0000014ad06bf800 JavaThread "Attach Listener" daemon [_thread_blocked, id=5744, stack(0x00000010b0c00000,0x00000010b0d00000)]
  0x0000014ad06bc800 JavaThread "Signal Dispatcher" daemon [_thread_blocked, id=1728, stack(0x00000010b0b00000,0x00000010b0c00000)]
  0x0000014ad01d0000 JavaThread "Finalizer" daemon [_thread_blocked, id=1864, stack(0x00000010b0a00000,0x00000010b0b00000)]
  0x0000014ad06a4000 JavaThread "Reference Handler" daemon [_thread_blocked, id=5712, stack(0x00000010b0900000,0x00000010b0a00000)]
  0x0000014abb2e4000 JavaThread "main" [_thread_blocked, id=5576, stack(0x00000010b0500000,0x00000010b0600000)]

Other Threads:
  0x0000014ad0682000 VMThread [stack: 0x00000010b0800000,0x00000010b0900000] [id=1900]
  0x0000014ad073c800 WatcherThread [stack: 0x00000010b1000000,0x00000010b1100000] [id=5488]

VM state:not at safepoint (normal execution)

VM Mutex/Monitor currently owned by a thread: None

heap address: 0x00000000a0000000, size: 1536 MB, Compressed Oops mode: 32-bit
Narrow klass base: 0x0000000000000000, Narrow klass shift: 3
Compressed class space size: 1073741824 Address: 0x0000000100000000

Heap:
 PSYoungGen      total 134656K, used 110136K [0x00000000e0000000, 0x00000000e8d00000, 0x0000000100000000)
  eden space 124928K, 88% used [0x00000000e0000000,0x00000000e6b8e368,0x00000000e7a00000)
  from space 9728K, 0% used [0x00000000e8380000,0x00000000e8380000,0x00000000e8d00000)
  to   space 9728K, 0% used [0x00000000e7a00000,0x00000000e7a00000,0x00000000e8380000)
 ParOldGen       total 34816K, used 9941K [0x00000000a0000000, 0x00000000a2200000, 0x00000000e0000000)
  object space 34816K, 28% used [0x00000000a0000000,0x00000000a09b5700,0x00000000a2200000)
 Metaspace       used 30730K, capacity 31344K, committed 31744K, reserved 1077248K
  class space    used 4329K, capacity 4534K, committed 4608K, reserved 1048576K

Card table byte_map: [0x0000014acc0d0000,0x0000014acc3e0000] byte_map_base: 0x0000014acbbd0000

Marking Bits: (ParMarkBitMap*) 0x0000000069dd6850
 Begin Bits: [0x0000014acc5e0000, 0x0000014acdde0000)
 End Bits:   [0x0000014acdde0000, 0x0000014acf5e0000)

Polling page: 0x0000014abb4a0000

CodeCache: size=245760Kb used=9623Kb max_used=9623Kb free=236136Kb
 bounds [0x0000014abcd10000, 0x0000014abd680000, 0x0000014acbd10000]
 total_blobs=3146 nmethods=2466 adapters=593
 compilation: enabled

Compilation events (10 events):
Event: 8.968 Thread 0x0000014ad06cc800 2474       3       java.util.concurrent.locks.AbstractQueuedSynchronizer$ConditionObject::addConditionWaiter (64 bytes)
Event: 8.968 Thread 0x0000014ad06cc800 nmethod 2474 0x0000014abd678e90 code [0x0000014abd679020, 0x0000014abd679450]
Event: 8.968 Thread 0x0000014ad06cc800 2475   !   3       java.util.concurrent.locks.AbstractQueuedSynchronizer::fullyRelease (54 bytes)
Event: 8.969 Thread 0x0000014ad06cc800 nmethod 2475 0x0000014abd6795d0 code [0x0000014abd679780, 0x0000014abd679d70]
Event: 8.975 Thread 0x0000014ad06cc800 2476       3       java.io.FileInputStream::read (9 bytes)
Event: 8.975 Thread 0x0000014ad06cc800 nmethod 2476 0x0000014abd67a050 code [0x0000014abd67a1c0, 0x0000014abd67a350]
Event: 8.975 Thread 0x0000014ad06cc800 2477       3       com.google.common.io.ByteStreams$1::write (6 bytes)
Event: 8.975 Thread 0x0000014ad06cc800 nmethod 2477 0x0000014abd67a410 code [0x0000014abd67a580, 0x0000014abd67a830]
Event: 8.975 Thread 0x0000014ad06cc800 2478       3       org.gradle.internal.hash.Hashing$MessageDigestHasher::putBytes (11 bytes)
Event: 8.976 Thread 0x0000014ad06cc800 nmethod 2478 0x0000014abd67a950 code [0x0000014abd67aae0, 0x0000014abd67ae60]

GC Heap History (10 events):
Event: 3.391 GC heap before
{Heap before GC invocations=5 (full 0):
 PSYoungGen      total 34304K, used 34276K [0x00000000e0000000, 0x00000000e2400000, 0x0000000100000000)
  eden space 31744K, 100% used [0x00000000e0000000,0x00000000e1f00000,0x00000000e1f00000)
  from space 2560K, 98% used [0x00000000e2180000,0x00000000e23f9370,0x00000000e2400000)
  to   space 2560K, 0% used [0x00000000e1f00000,0x00000000e1f00000,0x00000000e2180000)
 ParOldGen       total 42496K, used 1045K [0x00000000a0000000, 0x00000000a2980000, 0x00000000e0000000)
  object space 42496K, 2% used [0x00000000a0000000,0x00000000a01055c0,0x00000000a2980000)
 Metaspace       used 10915K, capacity 11172K, committed 11392K, reserved 1058816K
  class space    used 1460K, capacity 1550K, committed 1664K, reserved 1048576K
Event: 3.401 GC heap after
Heap after GC invocations=5 (full 0):
 PSYoungGen      total 34304K, used 2528K [0x00000000e0000000, 0x00000000e4900000, 0x0000000100000000)
  eden space 31744K, 0% used [0x00000000e0000000,0x00000000e0000000,0x00000000e1f00000)
  from space 2560K, 98% used [0x00000000e1f00000,0x00000000e2178020,0x00000000e2180000)
  to   space 5632K, 0% used [0x00000000e4380000,0x00000000e4380000,0x00000000e4900000)
 ParOldGen       total 42496K, used 4141K [0x00000000a0000000, 0x00000000a2980000, 0x00000000e0000000)
  object space 42496K, 9% used [0x00000000a0000000,0x00000000a040b5e0,0x00000000a2980000)
 Metaspace       used 10915K, capacity 11172K, committed 11392K, reserved 1058816K
  class space    used 1460K, capacity 1550K, committed 1664K, reserved 1048576K
}
Event: 4.290 GC heap before
{Heap before GC invocations=6 (full 0):
 PSYoungGen      total 34304K, used 34272K [0x00000000e0000000, 0x00000000e4900000, 0x0000000100000000)
  eden space 31744K, 100% used [0x00000000e0000000,0x00000000e1f00000,0x00000000e1f00000)
  from space 2560K, 98% used [0x00000000e1f00000,0x00000000e2178020,0x00000000e2180000)
  to   space 5632K, 0% used [0x00000000e4380000,0x00000000e4380000,0x00000000e4900000)
 ParOldGen       total 42496K, used 4141K [0x00000000a0000000, 0x00000000a2980000, 0x00000000e0000000)
  object space 42496K, 9% used [0x00000000a0000000,0x00000000a040b5e0,0x00000000a2980000)
 Metaspace       used 14260K, capacity 14638K, committed 14720K, reserved 1062912K
  class space    used 1991K, capacity 2129K, committed 2176K, reserved 1048576K
Event: 4.302 GC heap after
Heap after GC invocations=6 (full 0):
 PSYoungGen      total 68096K, used 5615K [0x00000000e0000000, 0x00000000e4b00000, 0x0000000100000000)
  eden space 62464K, 0% used [0x00000000e0000000,0x00000000e0000000,0x00000000e3d00000)
  from space 5632K, 99% used [0x00000000e4380000,0x00000000e48fbd10,0x00000000e4900000)
  to   space 6656K, 0% used [0x00000000e3d00000,0x00000000e3d00000,0x00000000e4380000)
 ParOldGen       total 42496K, used 4575K [0x00000000a0000000, 0x00000000a2980000, 0x00000000e0000000)
  object space 42496K, 10% used [0x00000000a0000000,0x00000000a0477fb0,0x00000000a2980000)
 Metaspace       used 14260K, capacity 14638K, committed 14720K, reserved 1062912K
  class space    used 1991K, capacity 2129K, committed 2176K, reserved 1048576K
}
Event: 5.878 GC heap before
{Heap before GC invocations=7 (full 0):
 PSYoungGen      total 68096K, used 68079K [0x00000000e0000000, 0x00000000e4b00000, 0x0000000100000000)
  eden space 62464K, 100% used [0x00000000e0000000,0x00000000e3d00000,0x00000000e3d00000)
  from space 5632K, 99% used [0x00000000e4380000,0x00000000e48fbd10,0x00000000e4900000)
  to   space 6656K, 0% used [0x00000000e3d00000,0x00000000e3d00000,0x00000000e4380000)
 ParOldGen       total 42496K, used 4575K [0x00000000a0000000, 0x00000000a2980000, 0x00000000e0000000)
  object space 42496K, 10% used [0x00000000a0000000,0x00000000a0477fb0,0x00000000a2980000)
 Metaspace       used 19158K, capacity 19618K, committed 19968K, reserved 1067008K
  class space    used 2820K, capacity 2999K, committed 3072K, reserved 1048576K
Event: 5.899 GC heap after
Heap after GC invocations=7 (full 0):
 PSYoungGen      total 69120K, used 6652K [0x00000000e0000000, 0x00000000e8d00000, 0x0000000100000000)
  eden space 62464K, 0% used [0x00000000e0000000,0x00000000e0000000,0x00000000e3d00000)
  from space 6656K, 99% used [0x00000000e3d00000,0x00000000e437f390,0x00000000e4380000)
  to   space 9728K, 0% used [0x00000000e8380000,0x00000000e8380000,0x00000000e8d00000)
 ParOldGen       total 42496K, used 7910K [0x00000000a0000000, 0x00000000a2980000, 0x00000000e0000000)
  object space 42496K, 18% used [0x00000000a0000000,0x00000000a07b9a00,0x00000000a2980000)
 Metaspace       used 19158K, capacity 19618K, committed 19968K, reserved 1067008K
  class space    used 2820K, capacity 2999K, committed 3072K, reserved 1048576K
}
Event: 6.347 GC heap before
{Heap before GC invocations=8 (full 0):
 PSYoungGen      total 69120K, used 22627K [0x00000000e0000000, 0x00000000e8d00000, 0x0000000100000000)
  eden space 62464K, 25% used [0x00000000e0000000,0x00000000e0f99bc0,0x00000000e3d00000)
  from space 6656K, 99% used [0x00000000e3d00000,0x00000000e437f390,0x00000000e4380000)
  to   space 9728K, 0% used [0x00000000e8380000,0x00000000e8380000,0x00000000e8d00000)
 ParOldGen       total 42496K, used 7910K [0x00000000a0000000, 0x00000000a2980000, 0x00000000e0000000)
  object space 42496K, 18% used [0x00000000a0000000,0x00000000a07b9a00,0x00000000a2980000)
 Metaspace       used 20552K, capacity 21110K, committed 21248K, reserved 1067008K
  class space    used 3050K, capacity 3243K, committed 3328K, reserved 1048576K
Event: 6.363 GC heap after
Heap after GC invocations=8 (full 0):
 PSYoungGen      total 134656K, used 5617K [0x00000000e0000000, 0x00000000e8d00000, 0x0000000100000000)
  eden space 124928K, 0% used [0x00000000e0000000,0x00000000e0000000,0x00000000e7a00000)
  from space 9728K, 57% used [0x00000000e8380000,0x00000000e88fc788,0x00000000e8d00000)
  to   space 9728K, 0% used [0x00000000e7a00000,0x00000000e7a00000,0x00000000e8380000)
 ParOldGen       total 42496K, used 8542K [0x00000000a0000000, 0x00000000a2980000, 0x00000000e0000000)
  object space 42496K, 20% used [0x00000000a0000000,0x00000000a0857a00,0x00000000a2980000)
 Metaspace       used 20552K, capacity 21110K, committed 21248K, reserved 1067008K
  class space    used 3050K, capacity 3243K, committed 3328K, reserved 1048576K
}
Event: 6.363 GC heap before
{Heap before GC invocations=9 (full 1):
 PSYoungGen      total 134656K, used 5617K [0x00000000e0000000, 0x00000000e8d00000, 0x0000000100000000)
  eden space 124928K, 0% used [0x00000000e0000000,0x00000000e0000000,0x00000000e7a00000)
  from space 9728K, 57% used [0x00000000e8380000,0x00000000e88fc788,0x00000000e8d00000)
  to   space 9728K, 0% used [0x00000000e7a00000,0x00000000e7a00000,0x00000000e8380000)
 ParOldGen       total 42496K, used 8542K [0x00000000a0000000, 0x00000000a2980000, 0x00000000e0000000)
  object space 42496K, 20% used [0x00000000a0000000,0x00000000a0857a00,0x00000000a2980000)
 Metaspace       used 20552K, capacity 21110K, committed 21248K, reserved 1067008K
  class space    used 3050K, capacity 3243K, committed 3328K, reserved 1048576K
Event: 6.443 GC heap after
Heap after GC invocations=9 (full 1):
 PSYoungGen      total 134656K, used 0K [0x00000000e0000000, 0x00000000e8d00000, 0x0000000100000000)
  eden space 124928K, 0% used [0x00000000e0000000,0x00000000e0000000,0x00000000e7a00000)
  from space 9728K, 0% used [0x00000000e8380000,0x00000000e8380000,0x00000000e8d00000)
  to   space 9728K, 0% used [0x00000000e7a00000,0x00000000e7a00000,0x00000000e8380000)
 ParOldGen       total 34816K, used 9941K [0x00000000a0000000, 0x00000000a2200000, 0x00000000e0000000)
  object space 34816K, 28% used [0x00000000a0000000,0x00000000a09b5700,0x00000000a2200000)
 Metaspace       used 20552K, capacity 21110K, committed 21248K, reserved 1067008K
  class space    used 3050K, capacity 3243K, committed 3328K, reserved 1048576K
}

Deoptimization events (10 events):
Event: 6.468 Thread 0x0000014ad27d8000 Uncommon trap: reason=unstable_if action=reinterpret pc=0x0000014abd1fc5f0 method=java.lang.String.regionMatches(ZILjava/lang/String;II)Z @ 41
Event: 6.470 Thread 0x0000014ad27d8000 Uncommon trap: reason=unstable_if action=reinterpret pc=0x0000014abd31808c method=java.lang.ClassLoader.getClassLoadingLock(Ljava/lang/String;)Ljava/lang/Object; @ 6
Event: 6.474 Thread 0x0000014ad27d8000 Uncommon trap: reason=unstable_if action=reinterpret pc=0x0000014abd3103fc method=java.lang.ClassLoader.getClassLoadingLock(Ljava/lang/String;)Ljava/lang/Object; @ 6
Event: 6.514 Thread 0x0000014ad27d8000 Uncommon trap: reason=bimorphic action=maybe_recompile pc=0x0000014abd2f7894 method=java.io.BufferedInputStream.read([BII)I @ 101
Event: 6.515 Thread 0x0000014ad27d8000 Uncommon trap: reason=bimorphic action=maybe_recompile pc=0x0000014abd2f7894 method=java.io.BufferedInputStream.read([BII)I @ 101
Event: 6.516 Thread 0x0000014ad27d8000 Uncommon trap: reason=bimorphic action=maybe_recompile pc=0x0000014abd2f7894 method=java.io.BufferedInputStream.read([BII)I @ 101
Event: 6.516 Thread 0x0000014ad27d8000 Uncommon trap: reason=bimorphic action=maybe_recompile pc=0x0000014abd2f7894 method=java.io.BufferedInputStream.read([BII)I @ 101
Event: 7.627 Thread 0x0000014ad27d8000 Uncommon trap: reason=unstable_if action=reinterpret pc=0x0000014abd1f83f0 method=java.util.HashMap.hash(Ljava/lang/Object;)I @ 1
Event: 7.766 Thread 0x0000014ad27d8000 Uncommon trap: reason=unstable_if action=reinterpret pc=0x0000014abcfd1f40 method=java.io.WinNTFileSystem.resolve(Ljava/lang/String;Ljava/lang/String;)Ljava/lang/String; @ 49
Event: 8.425 Thread 0x0000014ad27d8000 Uncommon trap: reason=unstable_if action=reinterpret pc=0x0000014abcf515d0 method=java.util.HashMap.getNode(ILjava/lang/Object;)Ljava/util/HashMap$Node; @ 129

Classes redefined (0 events):
No events

Internal exceptions (10 events):
Event: 7.567 Thread 0x0000014ad27d8000 Exception <a 'java/lang/ClassNotFoundException': org/gradle/api/internal/initialization/DefaultScriptHandlerCustomizer> (0x00000000e252f7c8) thrown at [C:\wsjdk\Corretto8Src\installers\windows\zip\corretto-build\buildRoot\hotspot\src\share\vm\classfile\sy
Event: 7.627 Thread 0x0000014ad27d8000 Implicit null exception at 0x0000014abd1f81d5 to 0x0000014abd1f83e1
Event: 8.510 Thread 0x0000014ad27d8000 Exception <a 'java/lang/ClassNotFoundException': org/gradle/api/internal/artifacts/dsl/dependencies/DefaultDependencyHandler_DecoratedBeanInfo> (0x00000000e507e378) thrown at [C:\wsjdk\Corretto8Src\installers\windows\zip\corretto-build\buildRoot\hotspot\s
Event: 8.512 Thread 0x0000014ad27d8000 Exception <a 'java/lang/ClassNotFoundException': org/gradle/api/internal/artifacts/dsl/dependencies/DefaultDependencyHandlerBeanInfo> (0x00000000e50d7630) thrown at [C:\wsjdk\Corretto8Src\installers\windows\zip\corretto-build\buildRoot\hotspot\src\share\v
Event: 8.513 Thread 0x0000014ad27d8000 Exception <a 'java/lang/ClassNotFoundException': org/gradle/api/internal/artifacts/dsl/dependencies/DefaultDependencyHandlerCustomizer> (0x00000000e5131910) thrown at [C:\wsjdk\Corretto8Src\installers\windows\zip\corretto-build\buildRoot\hotspot\src\share
Event: 8.518 Thread 0x0000014ad27d8000 Exception <a 'java/lang/ClassNotFoundException': org/gradle/api/internal/artifacts/dsl/dependencies/DefaultDependencyHandler_DecoratedCustomizer> (0x00000000e51bb670) thrown at [C:\wsjdk\Corretto8Src\installers\windows\zip\corretto-build\buildRoot\hotspot
Event: 8.769 Thread 0x0000014ad27d8000 Exception <a 'java/lang/IncompatibleClassChangeError': Found class java.lang.Object, but interface was expected> (0x00000000e6194fd8) thrown at [C:\wsjdk\Corretto8Src\installers\windows\zip\corretto-build\buildRoot\hotspot\src\share\vm\interpreter\linkRes
Event: 8.775 Thread 0x0000014ad27d8000 Exception <a 'java/lang/NoSuchMethodError': java.lang.Object.lambda$comparing$77a9974f$1(Ljava/util/function/Function;Ljava/lang/Object;Ljava/lang/Object;)I> (0x00000000e61a0590) thrown at [C:\wsjdk\Corretto8Src\installers\windows\zip\corretto-build\build
Event: 8.778 Thread 0x0000014ad27d8000 Exception <a 'java/lang/NoSuchMethodError': java.lang.Object.lambda$thenComparing$36697e65$1(Ljava/util/Comparator;Ljava/lang/Object;Ljava/lang/Object;)I> (0x00000000e61b46a8) thrown at [C:\wsjdk\Corretto8Src\installers\windows\zip\corretto-build\buildRoo
Event: 8.782 Thread 0x0000014ad27d8000 Exception <a 'java/lang/NoSuchMethodError': java.lang.Object.lambda$comparing$ea9a8b3a$1(Ljava/util/Comparator;Ljava/util/function/Function;Ljava/lang/Object;Ljava/lang/Object;)I> (0x00000000e61ce090) thrown at [C:\wsjdk\Corretto8Src\installers\windows\zi

Events (10 events):
Event: 8.938 loading class org/gradle/internal/snapshot/impl/DefaultFileSystemSnapshotter$2
Event: 8.938 loading class org/gradle/internal/snapshot/impl/DefaultFileSystemSnapshotter$2 done
Event: 8.938 loading class org/gradle/internal/snapshot/impl/DefaultFileSystemSnapshotter$InternableString
Event: 8.938 loading class org/gradle/internal/snapshot/impl/DefaultFileSystemSnapshotter$InternableString done
Event: 8.939 loading class org/gradle/internal/snapshot/impl/DefaultFileSystemSnapshotter$4
Event: 8.939 loading class org/gradle/internal/snapshot/impl/DefaultFileSystemSnapshotter$4 done
Event: 8.939 loading class org/gradle/internal/snapshot/RegularFileSnapshot
Event: 8.939 loading class org/gradle/internal/snapshot/RegularFileSnapshot done
Event: 8.940 loading class org/gradle/internal/snapshot/AbstractFileSystemLocationSnapshot
Event: 8.940 loading class org/gradle/internal/snapshot/AbstractFileSystemLocationSnapshot done


Dynamic libraries:
0x00007ff6446b0000 - 0x00007ff6446ea000 	C:\Users\Admin\.jdks\corretto-1.8.0_372\bin\java.exe
0x00007fff36170000 - 0x00007fff36365000 	C:\Windows\SYSTEM32\ntdll.dll
0x00007fff36040000 - 0x00007fff360fe000 	C:\Windows\System32\KERNEL32.DLL
0x00007fff33bf0000 - 0x00007fff33eb8000 	C:\Windows\System32\KERNELBASE.dll
0x00007fff347f0000 - 0x00007fff3489c000 	C:\Windows\System32\ADVAPI32.dll
0x00007fff35280000 - 0x00007fff3531e000 	C:\Windows\System32\msvcrt.dll
0x00007fff34fd0000 - 0x00007fff3506b000 	C:\Windows\System32\sechost.dll
0x00007fff35bd0000 - 0x00007fff35cfa000 	C:\Windows\System32\RPCRT4.dll
0x00007fff341c0000 - 0x00007fff34361000 	C:\Windows\System32\USER32.dll
0x00007fff33880000 - 0x00007fff338a2000 	C:\Windows\System32\win32u.dll
0x00007fff36100000 - 0x00007fff3612b000 	C:\Windows\System32\GDI32.dll
0x00007fff340a0000 - 0x00007fff341ad000 	C:\Windows\System32\gdi32full.dll
0x00007fff33910000 - 0x00007fff339ad000 	C:\Windows\System32\msvcp_win.dll
0x00007fff33fa0000 - 0x00007fff340a0000 	C:\Windows\System32\ucrtbase.dll
0x00007fff23d70000 - 0x00007fff2400a000 	C:\Windows\WinSxS\amd64_microsoft.windows.common-controls_6595b64144ccf1df_6.0.19041.1110_none_60b5254171f9507e\COMCTL32.dll
0x00007fff35b30000 - 0x00007fff35b60000 	C:\Windows\System32\IMM32.DLL
0x00007ffef9300000 - 0x00007ffef93ef000 	C:\Users\Admin\.jdks\corretto-1.8.0_372\jre\bin\msvcr120.dll
0x00007ffef7db0000 - 0x00007ffef7e56000 	C:\Users\Admin\.jdks\corretto-1.8.0_372\jre\bin\msvcp120.dll
0x00000000695e0000 - 0x0000000069e55000 	C:\Users\Admin\.jdks\corretto-1.8.0_372\jre\bin\server\jvm.dll
0x00007fff341b0000 - 0x00007fff341b8000 	C:\Windows\System32\PSAPI.DLL
0x00007fff2d1d0000 - 0x00007fff2d1d9000 	C:\Windows\SYSTEM32\WSOCK32.dll
0x00007fff1c510000 - 0x00007fff1c537000 	C:\Windows\SYSTEM32\WINMM.dll
0x00007fff27bf0000 - 0x00007fff27bfa000 	C:\Windows\SYSTEM32\VERSION.dll
0x00007fff34f60000 - 0x00007fff34fcb000 	C:\Windows\System32\WS2_32.dll
0x00007fff24a30000 - 0x00007fff24a3f000 	C:\Users\Admin\.jdks\corretto-1.8.0_372\jre\bin\verify.dll
0x00007fff18230000 - 0x00007fff18259000 	C:\Users\Admin\.jdks\corretto-1.8.0_372\jre\bin\java.dll
0x00007fff24a10000 - 0x00007fff24a26000 	C:\Users\Admin\.jdks\corretto-1.8.0_372\jre\bin\zip.dll
0x00007fff35330000 - 0x00007fff35a74000 	C:\Windows\System32\SHELL32.dll
0x00007fff31b20000 - 0x00007fff322b4000 	C:\Windows\SYSTEM32\windows.storage.dll
0x00007fff34b20000 - 0x00007fff34e75000 	C:\Windows\System32\combase.dll
0x00007fff33200000 - 0x00007fff3322e000 	C:\Windows\SYSTEM32\Wldp.dll
0x00007fff35a80000 - 0x00007fff35b2d000 	C:\Windows\System32\SHCORE.dll
0x00007fff35b70000 - 0x00007fff35bc5000 	C:\Windows\System32\shlwapi.dll
0x00007fff337c0000 - 0x00007fff337df000 	C:\Windows\SYSTEM32\profapi.dll
0x00007fff1b6a0000 - 0x00007fff1b6ba000 	C:\Users\Admin\.jdks\corretto-1.8.0_372\jre\bin\net.dll
0x00007fff32f60000 - 0x00007fff32fca000 	C:\Windows\system32\mswsock.dll
0x00007fff17f00000 - 0x00007fff17f12000 	C:\Users\Admin\.jdks\corretto-1.8.0_372\jre\bin\nio.dll
0x00007fff24d30000 - 0x00007fff24d56000 	C:\Users\Admin\Downloads\FoodDeliveryApp-master\native\30\windows-amd64\native-platform.dll
0x00007fff1bbe0000 - 0x00007fff1bbed000 	C:\Users\Admin\.jdks\corretto-1.8.0_372\jre\bin\management.dll
0x00007fff33150000 - 0x00007fff33168000 	C:\Windows\SYSTEM32\CRYPTSP.dll
0x00007fff32a90000 - 0x00007fff32ac4000 	C:\Windows\system32\rsaenh.dll
0x00007fff339b0000 - 0x00007fff339d7000 	C:\Windows\System32\bcrypt.dll
0x00007fff33710000 - 0x00007fff3373e000 	C:\Windows\SYSTEM32\USERENV.dll
0x00007fff33f10000 - 0x00007fff33f93000 	C:\Windows\System32\bcryptprimitives.dll
0x00007fff33170000 - 0x00007fff3317c000 	C:\Windows\SYSTEM32\CRYPTBASE.dll
0x00007fff32c50000 - 0x00007fff32c8b000 	C:\Windows\SYSTEM32\IPHLPAPI.DLL
0x00007fff35b60000 - 0x00007fff35b68000 	C:\Windows\System32\NSI.dll
0x00007fff2bd50000 - 0x00007fff2bd67000 	C:\Windows\SYSTEM32\dhcpcsvc6.DLL
0x00007fff2cb10000 - 0x00007fff2cb2d000 	C:\Windows\SYSTEM32\dhcpcsvc.DLL
0x00007fff32ca0000 - 0x00007fff32d6b000 	C:\Windows\SYSTEM32\DNSAPI.dll

VM Arguments:
jvm_args: -Xmx1536m -Dfile.encoding=windows-1252 -Duser.country=US -Duser.language=en -Duser.variant 
java_command: org.gradle.launcher.daemon.bootstrap.GradleDaemon 5.6.4
java_class_path (initial): C:\Users\Admin\Downloads\FoodDeliveryApp-master\wrapper\dists\gradle-5.6.4-bin\bxirm19lnfz6nurbatndyydux\gradle-5.6.4\lib\gradle-launcher-5.6.4.jar
Launcher Type: SUN_STANDARD

Environment Variables:
PATH=C:\Program Files\Common Files\Oracle\Java\javapath;C:\Windows\system32;C:\Windows;C:\Windows\System32\Wbem;C:\Windows\System32\WindowsPowerShell\v1.0\;C:\Windows\System32\OpenSSH\;C:\Program Files\Git\cmd;C:\Program Files\Microsoft SQL Server\Client SDK\ODBC\130\Tools\Binn\;C:\Program Files (x86)\Microsoft SQL Server\140\Tools\Binn\;C:\Program Files\Microsoft SQL Server\140\Tools\Binn\;C:\Program Files\Microsoft SQL Server\140\DTS\Binn\;C:\Program Files (x86)\Microsoft SQL Server\160\DTS\Binn\;C:\Users\Admin\AppData\Local\Microsoft\WindowsApps;C:\Users\Admin\AppData\Local\Programs\Microsoft VS Code\bin;C:\Program Files\Azure Data Studio\bin
USERNAME=Admin
OS=Windows_NT
PROCESSOR_IDENTIFIER=Intel64 Family 6 Model 122 Stepping 1, GenuineIntel



---------------  S Y S T E M  ---------------

OS: Windows 10 , 64 bit Build 19041 (10.0.19041.1348)

CPU:total 2 (initial active 2) (2 cores per cpu, 1 threads per core) family 6 model 122 stepping 1, cmov, cx8, fxsr, mmx, sse, sse2, sse3, ssse3, sse4.1, sse4.2, popcnt, aes, clmul, erms, 3dnowpref, tsc, tscinvbit

Memory: 4k page, physical 4012932k(393484k free), swap 4012932k(5236k free)

vm_info: OpenJDK 64-Bit Server VM (25.372-b07) for windows-amd64 JRE (1.8.0_372-b07), built on Apr 17 2023 22:43:30 by "Administrator" with MS VC++ 12.0 (VS2013)

time: Fri Jul 07 21:52:05 2023
timezone: SE Asia Standard Time
elapsed time: 9.047050 seconds (0d 0h 0m 9s)

