#
# There is insufficient memory for the Java Runtime Environment to continue.
# Native memory allocation (malloc) failed to allocate 1940864 bytes for Chunk::new
# Possible reasons:
#   The system is out of physical RAM or swap space
#   The process is running with CompressedOops enabled, and the Java Heap may be blocking the growth of the native heap
# Possible solutions:
#   Reduce memory load on the system
#   Increase physical memory or swap space
#   Check if swap backing store is full
#   Decrease Java heap size (-Xmx/-Xms)
#   Decrease number of Java threads
#   Decrease Java thread stack sizes (-Xss)
#   Set larger code cache with -XX:ReservedCodeCacheSize=
#   JVM is running with Unscaled Compressed Oops mode in which the Java heap is
#     placed in the first 4GB address space. The Java Heap base address is the
#     maximum limit for the native heap growth. Please use -XX:HeapBaseMinAddress
#     to set the Java Heap base and to place the Java Heap above 4GB virtual address.
# This output file may be truncated or incomplete.
#
#  Out of Memory Error (allocation.cpp:389), pid=5436, tid=0x0000000000000c90
#
# JRE version: OpenJDK Runtime Environment (8.0_372-b07) (build 1.8.0_372-b07)
# Java VM: OpenJDK 64-Bit Server VM (25.372-b07 mixed mode windows-amd64 compressed oops)
# Failed to write core dump. Minidumps are not enabled by default on client versions of Windows
#

---------------  T H R E A D  ---------------

Current thread (0x00000260e83ab000):  JavaThread "C2 CompilerThread0" daemon [_thread_in_native, id=3216, stack(0x0000007c41500000,0x0000007c41600000)]

Stack: [0x0000007c41500000,0x0000007c41600000]
[error occurred during error reporting (printing stack bounds), id 0xc0000005]

Native frames: (J=compiled Java code, j=interpreted, Vv=VM code, C=native code)


Current CompileTask:
C2:   3715 1447   !   4       java.net.URLClassLoader$1::run (81 bytes)


---------------  P R O C E S S  ---------------

Java Threads: ( => current thread )
  0x00000260ea4bc000 JavaThread "Cache worker for journal cache (C:\Users\Admin\Downloads\FoodDeliveryApp-master\caches\journal-1)" [_thread_blocked, id=5996, stack(0x0000007c42500000,0x0000007c42600000)]
  0x00000260ea4bd800 JavaThread "File lock request listener" [_thread_in_native, id=4984, stack(0x0000007c42400000,0x0000007c42500000)]
  0x00000260ea4bb800 JavaThread "Cache worker for file hash cache (C:\Users\Admin\Downloads\FoodDeliveryApp-master\caches\5.6.4\fileHashes)" [_thread_blocked, id=3328, stack(0x0000007c42300000,0x0000007c42400000)]
  0x00000260ea582800 JavaThread "Thread-9" [_thread_blocked, id=1248, stack(0x0000007c42200000,0x0000007c42300000)]
  0x00000260ea57d000 JavaThread "Stdin handler" [_thread_blocked, id=6140, stack(0x0000007c42100000,0x0000007c42200000)]
  0x00000260ea59e800 JavaThread "Asynchronous log dispatcher for DefaultDaemonConnection: socket connection from /127.0.0.1:51644 to /127.0.0.1:51645" [_thread_blocked, id=4360, stack(0x0000007c42000000,0x0000007c42100000)]
  0x00000260ea578800 JavaThread "Daemon worker" [_thread_in_vm, id=1160, stack(0x0000007c41f00000,0x0000007c42000000)]
  0x00000260ea56b000 JavaThread "Cancel handler" [_thread_blocked, id=2120, stack(0x0000007c41e00000,0x0000007c41f00000)]
  0x00000260ea490000 JavaThread "Handler for socket connection from /127.0.0.1:51644 to /127.0.0.1:51645" [_thread_in_native, id=3852, stack(0x0000007c41d00000,0x0000007c41e00000)]
  0x00000260ea489000 JavaThread "Daemon" [_thread_blocked, id=5552, stack(0x0000007c41c00000,0x0000007c41d00000)]
  0x00000260ea543800 JavaThread "Daemon periodic checks" [_thread_blocked, id=3700, stack(0x0000007c41b00000,0x0000007c41c00000)]
  0x00000260ea450000 JavaThread "Incoming local TCP Connector on port 51644" [_thread_in_native, id=4284, stack(0x0000007c41a00000,0x0000007c41b00000)]
  0x00000260e9965800 JavaThread "Daemon health stats" [_thread_blocked, id=2088, stack(0x0000007c41900000,0x0000007c41a00000)]
  0x00000260e8422800 JavaThread "Service Thread" daemon [_thread_blocked, id=5292, stack(0x0000007c41700000,0x0000007c41800000)]
  0x00000260e83ad000 JavaThread "C1 CompilerThread1" daemon [_thread_blocked, id=6056, stack(0x0000007c41600000,0x0000007c41700000)]
=>0x00000260e83ab000 JavaThread "C2 CompilerThread0" daemon [_thread_in_native, id=3216, stack(0x0000007c41500000,0x0000007c41600000)]
  0x00000260e83a5000 JavaThread "Attach Listener" daemon [_thread_blocked, id=4368, stack(0x0000007c41400000,0x0000007c41500000)]
  0x00000260e839e000 JavaThread "Signal Dispatcher" daemon [_thread_blocked, id=5396, stack(0x0000007c41300000,0x0000007c41400000)]
  0x00000260e7eaf000 JavaThread "Finalizer" daemon [_thread_blocked, id=5004, stack(0x0000007c41200000,0x0000007c41300000)]
  0x00000260e8384000 JavaThread "Reference Handler" daemon [_thread_blocked, id=1616, stack(0x0000007c41100000,0x0000007c41200000)]
  0x00000260d3023000 JavaThread "main" [_thread_blocked, id=5356, stack(0x0000007c40d00000,0x0000007c40e00000)]

Other Threads:
  0x00000260e8361800 VMThread [stack: 0x0000007c41000000,0x0000007c41100000] [id=4656]
  0x00000260e842e000 WatcherThread [stack: 0x0000007c41800000,0x0000007c41900000] [id=2924]

VM state:not at safepoint (normal execution)

VM Mutex/Monitor currently owned by a thread: None

OutOfMemory and StackOverflow Exception counts:
OutOfMemoryError java_heap_errors=4

heap address: 0x00000000a0000000, size: 1536 MB, Compressed Oops mode: 32-bit
Narrow klass base: 0x0000000000000000, Narrow klass shift: 3
Compressed class space size: 1073741824 Address: 0x0000000100000000

Heap:
 PSYoungGen      total 68096K, used 55069K [0x00000000e0000000, 0x00000000e4b00000, 0x0000000100000000)
  eden space 62464K, 79% used [0x00000000e0000000,0x00000000e304b788,0x00000000e3d00000)
  from space 5632K, 99% used [0x00000000e4380000,0x00000000e48fbe20,0x00000000e4900000)
  to   space 6656K, 0% used [0x00000000e3d00000,0x00000000e3d00000,0x00000000e4380000)
 ParOldGen       total 42496K, used 4440K [0x00000000a0000000, 0x00000000a2980000, 0x00000000e0000000)
  object space 42496K, 10% used [0x00000000a0000000,0x00000000a04562a0,0x00000000a2980000)
 Metaspace       used 18150K, capacity 18622K, committed 18816K, reserved 1064960K
  class space    used 2659K, capacity 2823K, committed 2944K, reserved 1048576K

Card table byte_map: [0x00000260e3db0000,0x00000260e40c0000] byte_map_base: 0x00000260e38b0000

Marking Bits: (ParMarkBitMap*) 0x0000000069dd6850
 Begin Bits: [0x00000260e42c0000, 0x00000260e5ac0000)
 End Bits:   [0x00000260e5ac0000, 0x00000260e72c0000)

Polling page: 0x00000260d31d0000

CodeCache: size=245760Kb used=5821Kb max_used=5821Kb free=239938Kb
 bounds [0x00000260d49f0000, 0x00000260d4fb0000, 0x00000260e39f0000]
 total_blobs=2033 nmethods=1625 adapters=321
 compilation: enabled

Compilation events (10 events):
Event: 3.697 Thread 0x00000260e83ad000 1625       3       java.util.concurrent.locks.AbstractQueuedSynchronizer::release (33 bytes)
Event: 3.697 Thread 0x00000260e83ad000 nmethod 1625 0x00000260d4f9df10 code [0x00000260d4f9e080, 0x00000260d4f9e3a0]
Event: 3.698 Thread 0x00000260e83ad000 1626       3       java.util.concurrent.locks.AbstractQueuedSynchronizer::compareAndSetState (13 bytes)
Event: 3.698 Thread 0x00000260e83ad000 nmethod 1626 0x00000260d4f9e490 code [0x00000260d4f9e5e0, 0x00000260d4f9e758]
Event: 3.698 Thread 0x00000260e83ad000 1627       3       java.util.concurrent.locks.ReentrantLock$Sync::tryRelease (45 bytes)
Event: 3.698 Thread 0x00000260e83ad000 nmethod 1627 0x00000260d4f9e7d0 code [0x00000260d4f9e960, 0x00000260d4f9ef10]
Event: 3.698 Thread 0x00000260e83ad000 1628       3       org.gradle.internal.dispatch.ReflectionDispatch::dispatch (9 bytes)
Event: 3.698 Thread 0x00000260e83ad000 nmethod 1628 0x00000260d4f9f050 code [0x00000260d4f9f1c0, 0x00000260d4f9f450]
Event: 3.707 Thread 0x00000260e83ad000 1629       3       java.lang.Enum::<init> (15 bytes)
Event: 3.707 Thread 0x00000260e83ad000 nmethod 1629 0x00000260d4f9fc10 code [0x00000260d4f9fd60, 0x00000260d4f9ff38]

GC Heap History (10 events):
Event: 0.978 GC heap before
{Heap before GC invocations=2 (full 0):
 PSYoungGen      total 18432K, used 18039K [0x00000000e0000000, 0x00000000e1480000, 0x0000000100000000)
  eden space 15872K, 100% used [0x00000000e0000000,0x00000000e0f80000,0x00000000e0f80000)
  from space 2560K, 84% used [0x00000000e0f80000,0x00000000e119ddf8,0x00000000e1200000)
  to   space 2560K, 0% used [0x00000000e1200000,0x00000000e1200000,0x00000000e1480000)
 ParOldGen       total 42496K, used 8K [0x00000000a0000000, 0x00000000a2980000, 0x00000000e0000000)
  object space 42496K, 0% used [0x00000000a0000000,0x00000000a0002000,0x00000000a2980000)
 Metaspace       used 6887K, capacity 7120K, committed 7424K, reserved 1056768K
  class space    used 851K, capacity 908K, committed 1024K, reserved 1048576K
Event: 0.985 GC heap after
Heap after GC invocations=2 (full 0):
 PSYoungGen      total 18432K, used 2540K [0x00000000e0000000, 0x00000000e2400000, 0x0000000100000000)
  eden space 15872K, 0% used [0x00000000e0000000,0x00000000e0000000,0x00000000e0f80000)
  from space 2560K, 99% used [0x00000000e1200000,0x00000000e147b0d0,0x00000000e1480000)
  to   space 2560K, 0% used [0x00000000e0f80000,0x00000000e0f80000,0x00000000e1200000)
 ParOldGen       total 42496K, used 737K [0x00000000a0000000, 0x00000000a2980000, 0x00000000e0000000)
  object space 42496K, 1% used [0x00000000a0000000,0x00000000a00b85c0,0x00000000a2980000)
 Metaspace       used 6887K, capacity 7120K, committed 7424K, reserved 1056768K
  class space    used 851K, capacity 908K, committed 1024K, reserved 1048576K
}
Event: 1.095 GC heap before
{Heap before GC invocations=3 (full 0):
 PSYoungGen      total 18432K, used 18412K [0x00000000e0000000, 0x00000000e2400000, 0x0000000100000000)
  eden space 15872K, 100% used [0x00000000e0000000,0x00000000e0f80000,0x00000000e0f80000)
  from space 2560K, 99% used [0x00000000e1200000,0x00000000e147b0d0,0x00000000e1480000)
  to   space 2560K, 0% used [0x00000000e0f80000,0x00000000e0f80000,0x00000000e1200000)
 ParOldGen       total 42496K, used 737K [0x00000000a0000000, 0x00000000a2980000, 0x00000000e0000000)
  object space 42496K, 1% used [0x00000000a0000000,0x00000000a00b85c0,0x00000000a2980000)
 Metaspace       used 6924K, capacity 7120K, committed 7424K, reserved 1056768K
  class space    used 851K, capacity 908K, committed 1024K, reserved 1048576K
Event: 1.099 GC heap after
Heap after GC invocations=3 (full 0):
 PSYoungGen      total 18432K, used 2064K [0x00000000e0000000, 0x00000000e2400000, 0x0000000100000000)
  eden space 15872K, 0% used [0x00000000e0000000,0x00000000e0000000,0x00000000e0f80000)
  from space 2560K, 80% used [0x00000000e0f80000,0x00000000e1184010,0x00000000e1200000)
  to   space 2560K, 0% used [0x00000000e2180000,0x00000000e2180000,0x00000000e2400000)
 ParOldGen       total 42496K, used 745K [0x00000000a0000000, 0x00000000a2980000, 0x00000000e0000000)
  object space 42496K, 1% used [0x00000000a0000000,0x00000000a00ba5c0,0x00000000a2980000)
 Metaspace       used 6924K, capacity 7120K, committed 7424K, reserved 1056768K
  class space    used 851K, capacity 908K, committed 1024K, reserved 1048576K
}
Event: 1.260 GC heap before
{Heap before GC invocations=4 (full 0):
 PSYoungGen      total 18432K, used 17936K [0x00000000e0000000, 0x00000000e2400000, 0x0000000100000000)
  eden space 15872K, 100% used [0x00000000e0000000,0x00000000e0f80000,0x00000000e0f80000)
  from space 2560K, 80% used [0x00000000e0f80000,0x00000000e1184010,0x00000000e1200000)
  to   space 2560K, 0% used [0x00000000e2180000,0x00000000e2180000,0x00000000e2400000)
 ParOldGen       total 42496K, used 745K [0x00000000a0000000, 0x00000000a2980000, 0x00000000e0000000)
  object space 42496K, 1% used [0x00000000a0000000,0x00000000a00ba5c0,0x00000000a2980000)
 Metaspace       used 7061K, capacity 7248K, committed 7424K, reserved 1056768K
  class space    used 860K, capacity 908K, committed 1024K, reserved 1048576K
Event: 1.269 GC heap after
Heap after GC invocations=4 (full 0):
 PSYoungGen      total 34304K, used 2547K [0x00000000e0000000, 0x00000000e2400000, 0x0000000100000000)
  eden space 31744K, 0% used [0x00000000e0000000,0x00000000e0000000,0x00000000e1f00000)
  from space 2560K, 99% used [0x00000000e2180000,0x00000000e23fce20,0x00000000e2400000)
  to   space 2560K, 0% used [0x00000000e1f00000,0x00000000e1f00000,0x00000000e2180000)
 ParOldGen       total 42496K, used 1002K [0x00000000a0000000, 0x00000000a2980000, 0x00000000e0000000)
  object space 42496K, 2% used [0x00000000a0000000,0x00000000a00faaf0,0x00000000a2980000)
 Metaspace       used 7061K, capacity 7248K, committed 7424K, reserved 1056768K
  class space    used 860K, capacity 908K, committed 1024K, reserved 1048576K
}
Event: 2.210 GC heap before
{Heap before GC invocations=5 (full 0):
 PSYoungGen      total 34304K, used 34291K [0x00000000e0000000, 0x00000000e2400000, 0x0000000100000000)
  eden space 31744K, 100% used [0x00000000e0000000,0x00000000e1f00000,0x00000000e1f00000)
  from space 2560K, 99% used [0x00000000e2180000,0x00000000e23fce20,0x00000000e2400000)
  to   space 2560K, 0% used [0x00000000e1f00000,0x00000000e1f00000,0x00000000e2180000)
 ParOldGen       total 42496K, used 1002K [0x00000000a0000000, 0x00000000a2980000, 0x00000000e0000000)
  object space 42496K, 2% used [0x00000000a0000000,0x00000000a00faaf0,0x00000000a2980000)
 Metaspace       used 10910K, capacity 11172K, committed 11392K, reserved 1058816K
  class space    used 1460K, capacity 1550K, committed 1664K, reserved 1048576K
Event: 2.221 GC heap after
Heap after GC invocations=5 (full 0):
 PSYoungGen      total 34304K, used 2528K [0x00000000e0000000, 0x00000000e4900000, 0x0000000100000000)
  eden space 31744K, 0% used [0x00000000e0000000,0x00000000e0000000,0x00000000e1f00000)
  from space 2560K, 98% used [0x00000000e1f00000,0x00000000e2178020,0x00000000e2180000)
  to   space 5632K, 0% used [0x00000000e4380000,0x00000000e4380000,0x00000000e4900000)
 ParOldGen       total 42496K, used 4094K [0x00000000a0000000, 0x00000000a2980000, 0x00000000e0000000)
  object space 42496K, 9% used [0x00000000a0000000,0x00000000a03ff8e0,0x00000000a2980000)
 Metaspace       used 10910K, capacity 11172K, committed 11392K, reserved 1058816K
  class space    used 1460K, capacity 1550K, committed 1664K, reserved 1048576K
}
Event: 2.853 GC heap before
{Heap before GC invocations=6 (full 0):
 PSYoungGen      total 34304K, used 34272K [0x00000000e0000000, 0x00000000e4900000, 0x0000000100000000)
  eden space 31744K, 100% used [0x00000000e0000000,0x00000000e1f00000,0x00000000e1f00000)
  from space 2560K, 98% used [0x00000000e1f00000,0x00000000e2178020,0x00000000e2180000)
  to   space 5632K, 0% used [0x00000000e4380000,0x00000000e4380000,0x00000000e4900000)
 ParOldGen       total 42496K, used 4094K [0x00000000a0000000, 0x00000000a2980000, 0x00000000e0000000)
  object space 42496K, 9% used [0x00000000a0000000,0x00000000a03ff8e0,0x00000000a2980000)
 Metaspace       used 14254K, capacity 14574K, committed 14720K, reserved 1062912K
  class space    used 1994K, capacity 2129K, committed 2176K, reserved 1048576K
Event: 2.865 GC heap after
Heap after GC invocations=6 (full 0):
 PSYoungGen      total 68096K, used 5615K [0x00000000e0000000, 0x00000000e4b00000, 0x0000000100000000)
  eden space 62464K, 0% used [0x00000000e0000000,0x00000000e0000000,0x00000000e3d00000)
  from space 5632K, 99% used [0x00000000e4380000,0x00000000e48fbe20,0x00000000e4900000)
  to   space 6656K, 0% used [0x00000000e3d00000,0x00000000e3d00000,0x00000000e4380000)
 ParOldGen       total 42496K, used 4440K [0x00000000a0000000, 0x00000000a2980000, 0x00000000e0000000)
  object space 42496K, 10% used [0x00000000a0000000,0x00000000a04562a0,0x00000000a2980000)
 Metaspace       used 14254K, capacity 14574K, committed 14720K, reserved 1062912K
  class space    used 1994K, capacity 2129K, committed 2176K, reserved 1048576K
}

Deoptimization events (10 events):
Event: 2.285 Thread 0x00000260ea490000 Uncommon trap: reason=unstable_if action=reinterpret pc=0x00000260d4e0dcfc method=java.util.concurrent.ConcurrentHashMap.putVal(Ljava/lang/Object;Ljava/lang/Object;Z)Ljava/lang/Object; @ 206
Event: 2.391 Thread 0x00000260ea578800 Uncommon trap: reason=bimorphic action=maybe_recompile pc=0x00000260d4c95e64 method=java.util.HashMap.putVal(ILjava/lang/Object;Ljava/lang/Object;ZZ)Ljava/lang/Object; @ 253
Event: 2.391 Thread 0x00000260ea578800 Uncommon trap: reason=bimorphic action=maybe_recompile pc=0x00000260d4c95e64 method=java.util.HashMap.putVal(ILjava/lang/Object;Ljava/lang/Object;ZZ)Ljava/lang/Object; @ 253
Event: 2.391 Thread 0x00000260ea578800 Uncommon trap: reason=bimorphic action=maybe_recompile pc=0x00000260d4c95e64 method=java.util.HashMap.putVal(ILjava/lang/Object;Ljava/lang/Object;ZZ)Ljava/lang/Object; @ 253
Event: 2.392 Thread 0x00000260ea578800 Uncommon trap: reason=bimorphic action=maybe_recompile pc=0x00000260d4c95e64 method=java.util.HashMap.putVal(ILjava/lang/Object;Ljava/lang/Object;ZZ)Ljava/lang/Object; @ 253
Event: 2.704 Thread 0x00000260ea578800 Uncommon trap: reason=class_check action=maybe_recompile pc=0x00000260d4cd7418 method=java.util.regex.Matcher.match(II)Z @ 86
Event: 2.759 Thread 0x00000260ea578800 Uncommon trap: reason=class_check action=maybe_recompile pc=0x00000260d4cd7418 method=java.util.regex.Matcher.match(II)Z @ 86
Event: 2.760 Thread 0x00000260ea578800 Uncommon trap: reason=class_check action=maybe_recompile pc=0x00000260d4cd7418 method=java.util.regex.Matcher.match(II)Z @ 86
Event: 2.760 Thread 0x00000260ea578800 Uncommon trap: reason=class_check action=maybe_recompile pc=0x00000260d4b68484 method=java.util.regex.Matcher.match(II)Z @ 86
Event: 3.347 Thread 0x00000260ea578800 Uncommon trap: reason=unstable_if action=reinterpret pc=0x00000260d4eb5664 method=java.util.HashMap.putVal(ILjava/lang/Object;Ljava/lang/Object;ZZ)Ljava/lang/Object; @ 236

Classes redefined (0 events):
No events

Internal exceptions (10 events):
Event: 2.352 Thread 0x00000260ea490000 Exception <a 'java/lang/NoSuchMethodError': <clinit>> (0x00000000e041fea8) thrown at [C:\wsjdk\Corretto8Src\installers\windows\zip\corretto-build\buildRoot\hotspot\src\share\vm\prims\jni.cpp, line 1614]
Event: 2.353 Thread 0x00000260ea490000 Exception <a 'java/lang/NoSuchMethodError': <clinit>> (0x00000000e042ae80) thrown at [C:\wsjdk\Corretto8Src\installers\windows\zip\corretto-build\buildRoot\hotspot\src\share\vm\prims\jni.cpp, line 1614]
Event: 3.190 Thread 0x00000260ea578800 Exception <a 'java/lang/NoSuchMethodError': java.lang.Object.lambda$and$0(Ljava/util/function/Predicate;Ljava/lang/Object;)Z> (0x00000000e13376f0) thrown at [C:\wsjdk\Corretto8Src\installers\windows\zip\corretto-build\buildRoot\hotspot\src\share\vm\interp
Event: 3.198 Thread 0x00000260ea578800 Exception <a 'java/lang/IncompatibleClassChangeError': Found class java.lang.Object, but interface was expected> (0x00000000e134d940) thrown at [C:\wsjdk\Corretto8Src\installers\windows\zip\corretto-build\buildRoot\hotspot\src\share\vm\interpreter\linkRes
Event: 3.200 Thread 0x00000260ea578800 Exception <a 'java/lang/NoSuchMethodError': java.lang.Object.lambda$or$2(Ljava/util/function/Predicate;Ljava/lang/Object;)Z> (0x00000000e13528c8) thrown at [C:\wsjdk\Corretto8Src\installers\windows\zip\corretto-build\buildRoot\hotspot\src\share\vm\interpr
Event: 3.693 Thread 0x00000260ea578800 Exception <a 'java/lang/OutOfMemoryError'> (0x00000000e2f348e0) thrown at [C:\wsjdk\Corretto8Src\installers\windows\zip\corretto-build\buildRoot\hotspot\src\share\vm\prims\jni.cpp, line 736]
Event: 3.693 Thread 0x00000260ea578800 Exception <a 'java/lang/OutOfMemoryError'> (0x00000000e2f348e0) thrown at [C:\wsjdk\Corretto8Src\installers\windows\zip\corretto-build\buildRoot\hotspot\src\share\vm\prims\jvm.cpp, line 1518]
Event: 3.693 Thread 0x00000260ea578800 Exception <a 'java/lang/OutOfMemoryError'> (0x00000000e2f348e0) thrown at [C:\wsjdk\Corretto8Src\installers\windows\zip\corretto-build\buildRoot\hotspot\src\share\vm\prims\jvm.cpp, line 1518]
Event: 3.693 Thread 0x00000260ea578800 Exception <a 'java/lang/OutOfMemoryError'> (0x00000000e2f348e0) thrown at [C:\wsjdk\Corretto8Src\installers\windows\zip\corretto-build\buildRoot\hotspot\src\share\vm\prims\jvm.cpp, line 1518]
Event: 3.693 Thread 0x00000260ea578800 Exception <a 'java/lang/reflect/InvocationTargetException'> (0x00000000e2f350a0) thrown at [C:\wsjdk\Corretto8Src\installers\windows\zip\corretto-build\buildRoot\hotspot\src\share\vm\runtime\reflection.cpp, line 1092]

Events (10 events):
Event: 3.706 loading class org/gradle/internal/operations/BuildOperationCategory
Event: 3.706 loading class org/gradle/internal/operations/BuildOperationCategory done
Event: 3.707 loading class org/gradle/internal/logging/sink/ProgressLogEventGenerator$Operation
Event: 3.707 loading class org/gradle/internal/logging/sink/ProgressLogEventGenerator$Operation done
Event: 3.708 loading class org/gradle/internal/logging/sink/ProgressLogEventGenerator$State
Event: 3.708 loading class org/gradle/internal/logging/sink/ProgressLogEventGenerator$State done
Event: 3.709 loading class org/gradle/cache/internal/DefaultCleanupProgressMonitor
Event: 3.709 loading class org/gradle/cache/internal/DefaultCleanupProgressMonitor done
Event: 3.710 loading class org/gradle/internal/logging/sink/ProgressLogEventGenerator$1
Event: 3.710 loading class org/gradle/internal/logging/sink/ProgressLogEventGenerator$1 done


Dynamic libraries:
0x00007ff6446b0000 - 0x00007ff6446ea000 	C:\Users\Admin\.jdks\corretto-1.8.0_372\bin\java.exe
0x00007fff36170000 - 0x00007fff36365000 	C:\Windows\SYSTEM32\ntdll.dll
0x00007fff36040000 - 0x00007fff360fe000 	C:\Windows\System32\KERNEL32.DLL
0x00007fff33bf0000 - 0x00007fff33eb8000 	C:\Windows\System32\KERNELBASE.dll
0x00007fff347f0000 - 0x00007fff3489c000 	C:\Windows\System32\ADVAPI32.dll
0x00007fff35280000 - 0x00007fff3531e000 	C:\Windows\System32\msvcrt.dll
0x00007fff34fd0000 - 0x00007fff3506b000 	C:\Windows\System32\sechost.dll
0x00007fff35bd0000 - 0x00007fff35cfa000 	C:\Windows\System32\RPCRT4.dll
0x00007fff341c0000 - 0x00007fff34361000 	C:\Windows\System32\USER32.dll
0x00007fff33880000 - 0x00007fff338a2000 	C:\Windows\System32\win32u.dll
0x00007fff36100000 - 0x00007fff3612b000 	C:\Windows\System32\GDI32.dll
0x00007fff340a0000 - 0x00007fff341ad000 	C:\Windows\System32\gdi32full.dll
0x00007fff33910000 - 0x00007fff339ad000 	C:\Windows\System32\msvcp_win.dll
0x00007fff33fa0000 - 0x00007fff340a0000 	C:\Windows\System32\ucrtbase.dll
0x00007fff23d70000 - 0x00007fff2400a000 	C:\Windows\WinSxS\amd64_microsoft.windows.common-controls_6595b64144ccf1df_6.0.19041.1110_none_60b5254171f9507e\COMCTL32.dll
0x00007fff35b30000 - 0x00007fff35b60000 	C:\Windows\System32\IMM32.DLL
0x00007ffef9300000 - 0x00007ffef93ef000 	C:\Users\Admin\.jdks\corretto-1.8.0_372\jre\bin\msvcr120.dll
0x00007ffef7db0000 - 0x00007ffef7e56000 	C:\Users\Admin\.jdks\corretto-1.8.0_372\jre\bin\msvcp120.dll
0x00000000695e0000 - 0x0000000069e55000 	C:\Users\Admin\.jdks\corretto-1.8.0_372\jre\bin\server\jvm.dll
0x00007fff341b0000 - 0x00007fff341b8000 	C:\Windows\System32\PSAPI.DLL
0x00007fff2d1d0000 - 0x00007fff2d1d9000 	C:\Windows\SYSTEM32\WSOCK32.dll
0x00007fff1c510000 - 0x00007fff1c537000 	C:\Windows\SYSTEM32\WINMM.dll
0x00007fff34f60000 - 0x00007fff34fcb000 	C:\Windows\System32\WS2_32.dll
0x00007fff27bf0000 - 0x00007fff27bfa000 	C:\Windows\SYSTEM32\VERSION.dll
0x00007fff24a30000 - 0x00007fff24a3f000 	C:\Users\Admin\.jdks\corretto-1.8.0_372\jre\bin\verify.dll
0x00007fff18230000 - 0x00007fff18259000 	C:\Users\Admin\.jdks\corretto-1.8.0_372\jre\bin\java.dll
0x00007fff24a10000 - 0x00007fff24a26000 	C:\Users\Admin\.jdks\corretto-1.8.0_372\jre\bin\zip.dll
0x00007fff35330000 - 0x00007fff35a74000 	C:\Windows\System32\SHELL32.dll
0x00007fff31b20000 - 0x00007fff322b4000 	C:\Windows\SYSTEM32\windows.storage.dll
0x00007fff34b20000 - 0x00007fff34e75000 	C:\Windows\System32\combase.dll
0x00007fff33200000 - 0x00007fff3322e000 	C:\Windows\SYSTEM32\Wldp.dll
0x00007fff35a80000 - 0x00007fff35b2d000 	C:\Windows\System32\SHCORE.dll
0x00007fff35b70000 - 0x00007fff35bc5000 	C:\Windows\System32\shlwapi.dll
0x00007fff337c0000 - 0x00007fff337df000 	C:\Windows\SYSTEM32\profapi.dll
0x00007fff1b6a0000 - 0x00007fff1b6ba000 	C:\Users\Admin\.jdks\corretto-1.8.0_372\jre\bin\net.dll
0x00007fff32f60000 - 0x00007fff32fca000 	C:\Windows\system32\mswsock.dll
0x00007fff17f00000 - 0x00007fff17f12000 	C:\Users\Admin\.jdks\corretto-1.8.0_372\jre\bin\nio.dll
0x00007fff24d30000 - 0x00007fff24d56000 	C:\Users\Admin\Downloads\FoodDeliveryApp-master\native\30\windows-amd64\native-platform.dll
0x00007fff1bbe0000 - 0x00007fff1bbed000 	C:\Users\Admin\.jdks\corretto-1.8.0_372\jre\bin\management.dll
0x00007fff33150000 - 0x00007fff33168000 	C:\Windows\SYSTEM32\CRYPTSP.dll
0x00007fff32a90000 - 0x00007fff32ac4000 	C:\Windows\system32\rsaenh.dll
0x00007fff339b0000 - 0x00007fff339d7000 	C:\Windows\System32\bcrypt.dll
0x00007fff33710000 - 0x00007fff3373e000 	C:\Windows\SYSTEM32\USERENV.dll
0x00007fff33f10000 - 0x00007fff33f93000 	C:\Windows\System32\bcryptprimitives.dll
0x00007fff33170000 - 0x00007fff3317c000 	C:\Windows\SYSTEM32\CRYPTBASE.dll
0x00007fff32c50000 - 0x00007fff32c8b000 	C:\Windows\SYSTEM32\IPHLPAPI.DLL
0x00007fff35b60000 - 0x00007fff35b68000 	C:\Windows\System32\NSI.dll
0x00007fff2bd50000 - 0x00007fff2bd67000 	C:\Windows\SYSTEM32\dhcpcsvc6.DLL
0x00007fff2cb10000 - 0x00007fff2cb2d000 	C:\Windows\SYSTEM32\dhcpcsvc.DLL
0x00007fff32ca0000 - 0x00007fff32d6b000 	C:\Windows\SYSTEM32\DNSAPI.dll

VM Arguments:
jvm_args: -Xmx1536m -Dfile.encoding=windows-1252 -Duser.country=US -Duser.language=en -Duser.variant 
java_command: org.gradle.launcher.daemon.bootstrap.GradleDaemon 5.6.4
java_class_path (initial): C:\Users\Admin\Downloads\FoodDeliveryApp-master\wrapper\dists\gradle-5.6.4-bin\bxirm19lnfz6nurbatndyydux\gradle-5.6.4\lib\gradle-launcher-5.6.4.jar
Launcher Type: SUN_STANDARD

Environment Variables:
PATH=C:\Program Files\Common Files\Oracle\Java\javapath;C:\Windows\system32;C:\Windows;C:\Windows\System32\Wbem;C:\Windows\System32\WindowsPowerShell\v1.0\;C:\Windows\System32\OpenSSH\;C:\Program Files\Git\cmd;C:\Program Files\Microsoft SQL Server\Client SDK\ODBC\130\Tools\Binn\;C:\Program Files (x86)\Microsoft SQL Server\140\Tools\Binn\;C:\Program Files\Microsoft SQL Server\140\Tools\Binn\;C:\Program Files\Microsoft SQL Server\140\DTS\Binn\;C:\Program Files (x86)\Microsoft SQL Server\160\DTS\Binn\;C:\Users\Admin\AppData\Local\Microsoft\WindowsApps;C:\Users\Admin\AppData\Local\Programs\Microsoft VS Code\bin;C:\Program Files\Azure Data Studio\bin
USERNAME=Admin
OS=Windows_NT
PROCESSOR_IDENTIFIER=Intel64 Family 6 Model 122 Stepping 1, GenuineIntel



---------------  S Y S T E M  ---------------

OS: Windows 10 , 64 bit Build 19041 (10.0.19041.1348)

CPU:total 2 (initial active 2) (2 cores per cpu, 1 threads per core) family 6 model 122 stepping 1, cmov, cx8, fxsr, mmx, sse, sse2, sse3, ssse3, sse4.1, sse4.2, popcnt, aes, clmul, erms, 3dnowpref, tsc, tscinvbit

Memory: 4k page, physical 4012932k(399520k free), swap 4012932k(6432k free)

vm_info: OpenJDK 64-Bit Server VM (25.372-b07) for windows-amd64 JRE (1.8.0_372-b07), built on Apr 17 2023 22:43:30 by "Administrator" with MS VC++ 12.0 (VS2013)

time: Fri Jul 07 21:54:44 2023
timezone: SE Asia Standard Time
elapsed time: 3.720429 seconds (0d 0h 0m 3s)

