#
# There is insufficient memory for the Java Runtime Environment to continue.
# Native memory allocation (malloc) failed to allocate 65552 bytes for Chunk::new
# Possible reasons:
#   The system is out of physical RAM or swap space
#   The process is running with CompressedOops enabled, and the Java Heap may be blocking the growth of the native heap
# Possible solutions:
#   Reduce memory load on the system
#   Increase physical memory or swap space
#   Check if swap backing store is full
#   Decrease Java heap size (-Xmx/-Xms)
#   Decrease number of Java threads
#   Decrease Java thread stack sizes (-Xss)
#   Set larger code cache with -XX:ReservedCodeCacheSize=
#   JVM is running with Unscaled Compressed Oops mode in which the Java heap is
#     placed in the first 4GB address space. The Java Heap base address is the
#     maximum limit for the native heap growth. Please use -XX:HeapBaseMinAddress
#     to set the Java Heap base and to place the Java Heap above 4GB virtual address.
# This output file may be truncated or incomplete.
#
#  Out of Memory Error (allocation.cpp:389), pid=4908, tid=0x0000000000000488
#
# JRE version: OpenJDK Runtime Environment (8.0_372-b07) (build 1.8.0_372-b07)
# Java VM: OpenJDK 64-Bit Server VM (25.372-b07 mixed mode windows-amd64 compressed oops)
# Failed to write core dump. Minidumps are not enabled by default on client versions of Windows
#

---------------  T H R E A D  ---------------

Current thread (0x0000023a79365800):  JavaThread "C2 CompilerThread0" daemon [_thread_in_native, id=1160, stack(0x000000470f700000,0x000000470f800000)]

Stack: [0x000000470f700000,0x000000470f800000]
[error occurred during error reporting (printing stack bounds), id 0xc0000005]

Native frames: (J=compiled Java code, j=interpreted, Vv=VM code, C=native code)


Current CompileTask:
C2:  17728 2801   !   4       java.net.URLClassLoader$1::run (81 bytes)


---------------  P R O C E S S  ---------------

Java Threads: ( => current thread )
  0x0000023a7b3ab000 JavaThread "Cache worker for execution history cache (C:\Users\Admin\Downloads\FoodDeliveryApp-master\caches\5.6.4\executionHistory)" [_thread_blocked, id=5552, stack(0x0000004710b00000,0x0000004710c00000)]
  0x0000023a7b3aa800 JavaThread "Cache worker for cache directory md-rule (C:\Users\Admin\Downloads\FoodDeliveryApp-master\caches\5.6.4\md-rule)" [_thread_blocked, id=3700, stack(0x0000004710a00000,0x0000004710b00000)]
  0x0000023a7b3a9800 JavaThread "Cache worker for cache directory md-supplier (C:\Users\Admin\Downloads\FoodDeliveryApp-master\caches\5.6.4\md-supplier)" [_thread_blocked, id=4284, stack(0x0000004710900000,0x0000004710a00000)]
  0x0000023a7b3af000 JavaThread "Cache worker for file hash cache (C:\Users\Admin\Downloads\Perpustakaan-master\.gradle\5.6.4\fileHashes)" [_thread_blocked, id=2924, stack(0x0000004710800000,0x0000004710900000)]
  0x0000023a7b3ae800 JavaThread "Cache worker for journal cache (C:\Users\Admin\Downloads\FoodDeliveryApp-master\caches\journal-1)" [_thread_blocked, id=5292, stack(0x0000004710700000,0x0000004710800000)]
  0x0000023a7b3b0800 JavaThread "File lock request listener" [_thread_in_native, id=6056, stack(0x0000004710600000,0x0000004710700000)]
  0x0000023a7b3ad800 JavaThread "Cache worker for file hash cache (C:\Users\Admin\Downloads\FoodDeliveryApp-master\caches\5.6.4\fileHashes)" [_thread_blocked, id=3216, stack(0x0000004710500000,0x0000004710600000)]
  0x0000023a7b302000 JavaThread "Thread-9" [_thread_blocked, id=4368, stack(0x0000004710400000,0x0000004710500000)]
  0x0000023a7b2fe000 JavaThread "Stdin handler" [_thread_blocked, id=5396, stack(0x0000004710300000,0x0000004710400000)]
  0x0000023a7b2fd000 JavaThread "Asynchronous log dispatcher for DefaultDaemonConnection: socket connection from /127.0.0.1:51531 to /127.0.0.1:51532" [_thread_blocked, id=2088, stack(0x0000004710200000,0x0000004710300000)]
  0x0000023a7b2e7000 JavaThread "Daemon worker" [_thread_in_native, id=5004, stack(0x0000004710100000,0x0000004710200000)]
  0x0000023a7b2ec800 JavaThread "Cancel handler" [_thread_blocked, id=1616, stack(0x0000004710000000,0x0000004710100000)]
  0x0000023a7b228800 JavaThread "Handler for socket connection from /127.0.0.1:51531 to /127.0.0.1:51532" [_thread_in_native, id=4656, stack(0x000000470ff00000,0x0000004710000000)]
  0x0000023a7b1de000 JavaThread "Daemon periodic checks" [_thread_blocked, id=2480, stack(0x000000470fe00000,0x000000470ff00000)]
  0x0000023a7b1dd000 JavaThread "Daemon" [_thread_blocked, id=1512, stack(0x000000470fd00000,0x000000470fe00000)]
  0x0000023a7b201800 JavaThread "Incoming local TCP Connector on port 51531" [_thread_in_native, id=5356, stack(0x000000470fc00000,0x000000470fd00000)]
  0x0000023a7b0c9000 JavaThread "Daemon health stats" [_thread_blocked, id=484, stack(0x000000470fb00000,0x000000470fc00000)]
  0x0000023a793e0800 JavaThread "Service Thread" daemon [_thread_blocked, id=4540, stack(0x000000470f900000,0x000000470fa00000)]
  0x0000023a79368000 JavaThread "C1 CompilerThread1" daemon [_thread_blocked, id=5388, stack(0x000000470f800000,0x000000470f900000)]
=>0x0000023a79365800 JavaThread "C2 CompilerThread0" daemon [_thread_in_native, id=1160, stack(0x000000470f700000,0x000000470f800000)]
  0x0000023a79364000 JavaThread "Attach Listener" daemon [_thread_blocked, id=3444, stack(0x000000470f600000,0x000000470f700000)]
  0x0000023a79361000 JavaThread "Signal Dispatcher" daemon [_thread_blocked, id=3468, stack(0x000000470f500000,0x000000470f600000)]
  0x0000023a78e69000 JavaThread "Finalizer" daemon [_thread_blocked, id=4340, stack(0x000000470f400000,0x000000470f500000)]
  0x0000023a79344000 JavaThread "Reference Handler" daemon [_thread_blocked, id=4408, stack(0x000000470f300000,0x000000470f400000)]
  0x0000023a63fa3800 JavaThread "main" [_thread_blocked, id=4632, stack(0x000000470ee00000,0x000000470ef00000)]

Other Threads:
  0x0000023a79322800 VMThread [stack: 0x000000470f200000,0x000000470f300000] [id=5152]
  0x0000023a793ec000 WatcherThread [stack: 0x000000470fa00000,0x000000470fb00000] [id=4624]

VM state:not at safepoint (normal execution)

VM Mutex/Monitor currently owned by a thread: None

heap address: 0x00000000a0000000, size: 1536 MB, Compressed Oops mode: 32-bit
Narrow klass base: 0x0000000000000000, Narrow klass shift: 3
Compressed class space size: 1073741824 Address: 0x0000000100000000

Heap:
 PSYoungGen      total 88064K, used 65598K [0x00000000e0000000, 0x00000000e6100000, 0x0000000100000000)
  eden space 78848K, 81% used [0x00000000e0000000,0x00000000e3e7e648,0x00000000e4d00000)
  from space 9216K, 17% used [0x00000000e5800000,0x00000000e5991278,0x00000000e6100000)
  to   space 10240K, 0% used [0x00000000e4d00000,0x00000000e4d00000,0x00000000e5700000)
 ParOldGen       total 34816K, used 27345K [0x00000000a0000000, 0x00000000a2200000, 0x00000000e0000000)
  object space 34816K, 78% used [0x00000000a0000000,0x00000000a1ab4698,0x00000000a2200000)
 Metaspace       used 33251K, capacity 33922K, committed 34304K, reserved 1079296K
  class space    used 4592K, capacity 4793K, committed 4864K, reserved 1048576K

Card table byte_map: [0x0000023a74d70000,0x0000023a75080000] byte_map_base: 0x0000023a74870000

Marking Bits: (ParMarkBitMap*) 0x0000000069dd6850
 Begin Bits: [0x0000023a75280000, 0x0000023a76a80000)
 End Bits:   [0x0000023a76a80000, 0x0000023a78280000)

Polling page: 0x0000023a640d0000

CodeCache: size=245760Kb used=9916Kb max_used=9916Kb free=235843Kb
 bounds [0x0000023a659b0000, 0x0000023a66370000, 0x0000023a749b0000]
 total_blobs=3324 nmethods=2616 adapters=621
 compilation: enabled

Compilation events (10 events):
Event: 17.711 Thread 0x0000023a79368000 2848       3       sun.reflect.generics.tree.MethodTypeSignature::make (12 bytes)
Event: 17.712 Thread 0x0000023a79368000 nmethod 2848 0x0000023a663631d0 code [0x0000023a66363340, 0x0000023a663635d8]
Event: 17.712 Thread 0x0000023a79368000 2849       3       org.codehaus.groovy.ast.MethodNode::<init> (90 bytes)
Event: 17.713 Thread 0x0000023a79368000 nmethod 2849 0x0000023a66363710 code [0x0000023a663638e0, 0x0000023a663642c0]
Event: 17.713 Thread 0x0000023a79368000 2850       3       org.codehaus.groovy.ast.stmt.Statement::<init> (10 bytes)
Event: 17.713 Thread 0x0000023a79368000 nmethod 2850 0x0000023a66364690 code [0x0000023a66364800, 0x0000023a66364a58]
Event: 17.713 Thread 0x0000023a79368000 2851       3       org.codehaus.groovy.ast.MethodNode::setCode (6 bytes)
Event: 17.713 Thread 0x0000023a79368000 nmethod 2851 0x0000023a66364b50 code [0x0000023a66364ca0, 0x0000023a66364e18]
Event: 17.713 Thread 0x0000023a79368000 2852       3       org.codehaus.groovy.util.AbstractConcurrentMap$Segment::get (122 bytes)
Event: 17.714 Thread 0x0000023a79368000 nmethod 2852 0x0000023a66364e90 code [0x0000023a663650c0, 0x0000023a663660c0]

GC Heap History (10 events):
Event: 14.451 GC heap before
{Heap before GC invocations=13 (full 1):
 PSYoungGen      total 69120K, used 64420K [0x00000000e0000000, 0x00000000e4b00000, 0x0000000100000000)
  eden space 62464K, 100% used [0x00000000e0000000,0x00000000e3d00000,0x00000000e3d00000)
  from space 6656K, 29% used [0x00000000e3d00000,0x00000000e3ee9278,0x00000000e4380000)
  to   space 5632K, 0% used [0x00000000e4380000,0x00000000e4380000,0x00000000e4900000)
 ParOldGen       total 34816K, used 18342K [0x00000000a0000000, 0x00000000a2200000, 0x00000000e0000000)
  object space 34816K, 52% used [0x00000000a0000000,0x00000000a11e9880,0x00000000a2200000)
 Metaspace       used 30834K, capacity 31504K, committed 31744K, reserved 1077248K
  class space    used 4338K, capacity 4566K, committed 4608K, reserved 1048576K
Event: 14.459 GC heap after
Heap after GC invocations=13 (full 1):
 PSYoungGen      total 68096K, used 1938K [0x00000000e0000000, 0x00000000e4b00000, 0x0000000100000000)
  eden space 62464K, 0% used [0x00000000e0000000,0x00000000e0000000,0x00000000e3d00000)
  from space 5632K, 34% used [0x00000000e4380000,0x00000000e4564970,0x00000000e4900000)
  to   space 6656K, 0% used [0x00000000e3d00000,0x00000000e3d00000,0x00000000e4380000)
 ParOldGen       total 34816K, used 20222K [0x00000000a0000000, 0x00000000a2200000, 0x00000000e0000000)
  object space 34816K, 58% used [0x00000000a0000000,0x00000000a13bf880,0x00000000a2200000)
 Metaspace       used 30834K, capacity 31504K, committed 31744K, reserved 1077248K
  class space    used 4338K, capacity 4566K, committed 4608K, reserved 1048576K
}
Event: 14.990 GC heap before
{Heap before GC invocations=14 (full 1):
 PSYoungGen      total 68096K, used 64402K [0x00000000e0000000, 0x00000000e4b00000, 0x0000000100000000)
  eden space 62464K, 100% used [0x00000000e0000000,0x00000000e3d00000,0x00000000e3d00000)
  from space 5632K, 34% used [0x00000000e4380000,0x00000000e4564970,0x00000000e4900000)
  to   space 6656K, 0% used [0x00000000e3d00000,0x00000000e3d00000,0x00000000e4380000)
 ParOldGen       total 34816K, used 20222K [0x00000000a0000000, 0x00000000a2200000, 0x00000000e0000000)
  object space 34816K, 58% used [0x00000000a0000000,0x00000000a13bf880,0x00000000a2200000)
 Metaspace       used 30834K, capacity 31504K, committed 31744K, reserved 1077248K
  class space    used 4338K, capacity 4566K, committed 4608K, reserved 1048576K
Event: 14.999 GC heap after
Heap after GC invocations=14 (full 1):
 PSYoungGen      total 69120K, used 2011K [0x00000000e0000000, 0x00000000e4b00000, 0x0000000100000000)
  eden space 62464K, 0% used [0x00000000e0000000,0x00000000e0000000,0x00000000e3d00000)
  from space 6656K, 30% used [0x00000000e3d00000,0x00000000e3ef6e18,0x00000000e4380000)
  to   space 5632K, 0% used [0x00000000e4380000,0x00000000e4380000,0x00000000e4900000)
 ParOldGen       total 34816K, used 22062K [0x00000000a0000000, 0x00000000a2200000, 0x00000000e0000000)
  object space 34816K, 63% used [0x00000000a0000000,0x00000000a158b880,0x00000000a2200000)
 Metaspace       used 30834K, capacity 31504K, committed 31744K, reserved 1077248K
  class space    used 4338K, capacity 4566K, committed 4608K, reserved 1048576K
}
Event: 15.521 GC heap before
{Heap before GC invocations=15 (full 1):
 PSYoungGen      total 69120K, used 64475K [0x00000000e0000000, 0x00000000e4b00000, 0x0000000100000000)
  eden space 62464K, 100% used [0x00000000e0000000,0x00000000e3d00000,0x00000000e3d00000)
  from space 6656K, 30% used [0x00000000e3d00000,0x00000000e3ef6e18,0x00000000e4380000)
  to   space 5632K, 0% used [0x00000000e4380000,0x00000000e4380000,0x00000000e4900000)
 ParOldGen       total 34816K, used 22062K [0x00000000a0000000, 0x00000000a2200000, 0x00000000e0000000)
  object space 34816K, 63% used [0x00000000a0000000,0x00000000a158b880,0x00000000a2200000)
 Metaspace       used 30834K, capacity 31504K, committed 31744K, reserved 1077248K
  class space    used 4338K, capacity 4566K, committed 4608K, reserved 1048576K
Event: 15.529 GC heap after
Heap after GC invocations=15 (full 1):
 PSYoungGen      total 64512K, used 2048K [0x00000000e0000000, 0x00000000e6800000, 0x0000000100000000)
  eden space 58880K, 0% used [0x00000000e0000000,0x00000000e0000000,0x00000000e3980000)
  from space 5632K, 36% used [0x00000000e4380000,0x00000000e4580000,0x00000000e4900000)
  to   space 10240K, 0% used [0x00000000e3980000,0x00000000e3980000,0x00000000e4380000)
 ParOldGen       total 34816K, used 24009K [0x00000000a0000000, 0x00000000a2200000, 0x00000000e0000000)
  object space 34816K, 68% used [0x00000000a0000000,0x00000000a1772698,0x00000000a2200000)
 Metaspace       used 30834K, capacity 31504K, committed 31744K, reserved 1077248K
  class space    used 4338K, capacity 4566K, committed 4608K, reserved 1048576K
}
Event: 16.171 GC heap before
{Heap before GC invocations=16 (full 1):
 PSYoungGen      total 64512K, used 60928K [0x00000000e0000000, 0x00000000e6800000, 0x0000000100000000)
  eden space 58880K, 100% used [0x00000000e0000000,0x00000000e3980000,0x00000000e3980000)
  from space 5632K, 36% used [0x00000000e4380000,0x00000000e4580000,0x00000000e4900000)
  to   space 10240K, 0% used [0x00000000e3980000,0x00000000e3980000,0x00000000e4380000)
 ParOldGen       total 34816K, used 24009K [0x00000000a0000000, 0x00000000a2200000, 0x00000000e0000000)
  object space 34816K, 68% used [0x00000000a0000000,0x00000000a1772698,0x00000000a2200000)
 Metaspace       used 30877K, capacity 31568K, committed 31744K, reserved 1077248K
  class space    used 4342K, capacity 4566K, committed 4608K, reserved 1048576K
Event: 16.178 GC heap after
Heap after GC invocations=16 (full 1):
 PSYoungGen      total 69120K, used 1344K [0x00000000e0000000, 0x00000000e6200000, 0x0000000100000000)
  eden space 58880K, 0% used [0x00000000e0000000,0x00000000e0000000,0x00000000e3980000)
  from space 10240K, 13% used [0x00000000e3980000,0x00000000e3ad0000,0x00000000e4380000)
  to   space 10240K, 0% used [0x00000000e5800000,0x00000000e5800000,0x00000000e6200000)
 ParOldGen       total 34816K, used 26033K [0x00000000a0000000, 0x00000000a2200000, 0x00000000e0000000)
  object space 34816K, 74% used [0x00000000a0000000,0x00000000a196c698,0x00000000a2200000)
 Metaspace       used 30877K, capacity 31568K, committed 31744K, reserved 1077248K
  class space    used 4342K, capacity 4566K, committed 4608K, reserved 1048576K
}
Event: 16.736 GC heap before
{Heap before GC invocations=17 (full 1):
 PSYoungGen      total 69120K, used 60224K [0x00000000e0000000, 0x00000000e6200000, 0x0000000100000000)
  eden space 58880K, 100% used [0x00000000e0000000,0x00000000e3980000,0x00000000e3980000)
  from space 10240K, 13% used [0x00000000e3980000,0x00000000e3ad0000,0x00000000e4380000)
  to   space 10240K, 0% used [0x00000000e5800000,0x00000000e5800000,0x00000000e6200000)
 ParOldGen       total 34816K, used 26033K [0x00000000a0000000, 0x00000000a2200000, 0x00000000e0000000)
  object space 34816K, 74% used [0x00000000a0000000,0x00000000a196c698,0x00000000a2200000)
 Metaspace       used 30877K, capacity 31568K, committed 31744K, reserved 1077248K
  class space    used 4342K, capacity 4566K, committed 4608K, reserved 1048576K
Event: 16.742 GC heap after
Heap after GC invocations=17 (full 1):
 PSYoungGen      total 88064K, used 1604K [0x00000000e0000000, 0x00000000e6100000, 0x0000000100000000)
  eden space 78848K, 0% used [0x00000000e0000000,0x00000000e0000000,0x00000000e4d00000)
  from space 9216K, 17% used [0x00000000e5800000,0x00000000e5991278,0x00000000e6100000)
  to   space 10240K, 0% used [0x00000000e4d00000,0x00000000e4d00000,0x00000000e5700000)
 ParOldGen       total 34816K, used 27345K [0x00000000a0000000, 0x00000000a2200000, 0x00000000e0000000)
  object space 34816K, 78% used [0x00000000a0000000,0x00000000a1ab4698,0x00000000a2200000)
 Metaspace       used 30877K, capacity 31568K, committed 31744K, reserved 1077248K
  class space    used 4342K, capacity 4566K, committed 4608K, reserved 1048576K
}

Deoptimization events (10 events):
Event: 15.715 Thread 0x0000023a7b2e7000 Uncommon trap: reason=null_check action=make_not_entrant pc=0x0000023a65d28eec method=org.gradle.api.internal.changedetection.state.StreamZipInput$1.computeNext()Lorg/gradle/api/internal/changedetection/state/ZipEntry; @ 32
Event: 15.748 Thread 0x0000023a7b2e7000 Uncommon trap: reason=unstable_if action=reinterpret pc=0x0000023a65b0a214 method=sun.security.provider.DigestBase.engineUpdate([BII)V @ 1
Event: 16.930 Thread 0x0000023a7b2e7000 Uncommon trap: reason=predicate action=maybe_recompile pc=0x0000023a65c92248 method=java.util.ComparableTimSort.binarySort([Ljava/lang/Object;III)V @ 37
Event: 16.947 Thread 0x0000023a7b2e7000 Uncommon trap: reason=array_check action=maybe_recompile pc=0x0000023a65b70a58 method=java.util.ComparableTimSort.binarySort([Ljava/lang/Object;III)V @ 215
Event: 16.947 Thread 0x0000023a7b2e7000 Uncommon trap: reason=array_check action=maybe_recompile pc=0x0000023a65ecd014 method=java.util.ComparableTimSort.binarySort([Ljava/lang/Object;III)V @ 183
Event: 16.947 Thread 0x0000023a7b2e7000 Uncommon trap: reason=array_check action=maybe_recompile pc=0x0000023a65eccf64 method=java.util.ComparableTimSort.binarySort([Ljava/lang/Object;III)V @ 193
Event: 16.947 Thread 0x0000023a7b2e7000 Uncommon trap: reason=array_check action=maybe_recompile pc=0x0000023a65eccec0 method=java.util.ComparableTimSort.binarySort([Ljava/lang/Object;III)V @ 215
Event: 16.950 Thread 0x0000023a7b2e7000 Uncommon trap: reason=array_check action=maybe_recompile pc=0x0000023a65b70a58 method=java.util.ComparableTimSort.binarySort([Ljava/lang/Object;III)V @ 215
Event: 16.961 Thread 0x0000023a7b2e7000 Uncommon trap: reason=unstable_if action=reinterpret pc=0x0000023a65b38ed0 method=java.lang.StringCoding.encode(Ljava/nio/charset/Charset;[CII)[B @ 24
Event: 17.445 Thread 0x0000023a7b2e7000 Uncommon trap: reason=unstable_if action=reinterpret pc=0x0000023a660280a4 method=sun.misc.MetaIndex.mayContain(Ljava/lang/String;)Z @ 38

Classes redefined (0 events):
No events

Internal exceptions (10 events):
Event: 9.772 Thread 0x0000023a7b2e7000 Implicit null exception at 0x0000023a65f4c3af to 0x0000023a65f4c419
Event: 10.909 Thread 0x0000023a7b2e7000 Exception <a 'java/lang/ClassNotFoundException': org/gradle/api/internal/artifacts/dsl/dependencies/DefaultDependencyHandler_DecoratedBeanInfo> (0x00000000e1136058) thrown at [C:\wsjdk\Corretto8Src\installers\windows\zip\corretto-build\buildRoot\hotspot\s
Event: 10.910 Thread 0x0000023a7b2e7000 Exception <a 'java/lang/ClassNotFoundException': org/gradle/api/internal/artifacts/dsl/dependencies/DefaultDependencyHandlerBeanInfo> (0x00000000e118f2e8) thrown at [C:\wsjdk\Corretto8Src\installers\windows\zip\corretto-build\buildRoot\hotspot\src\share\v
Event: 10.911 Thread 0x0000023a7b2e7000 Exception <a 'java/lang/ClassNotFoundException': org/gradle/api/internal/artifacts/dsl/dependencies/DefaultDependencyHandlerCustomizer> (0x00000000e11e95c8) thrown at [C:\wsjdk\Corretto8Src\installers\windows\zip\corretto-build\buildRoot\hotspot\src\share
Event: 10.917 Thread 0x0000023a7b2e7000 Exception <a 'java/lang/ClassNotFoundException': org/gradle/api/internal/artifacts/dsl/dependencies/DefaultDependencyHandler_DecoratedCustomizer> (0x00000000e1273388) thrown at [C:\wsjdk\Corretto8Src\installers\windows\zip\corretto-build\buildRoot\hotspot
Event: 11.491 Thread 0x0000023a7b2e7000 Exception <a 'java/lang/IncompatibleClassChangeError': Found class java.lang.Object, but interface was expected> (0x00000000e2251f88) thrown at [C:\wsjdk\Corretto8Src\installers\windows\zip\corretto-build\buildRoot\hotspot\src\share\vm\interpreter\linkRes
Event: 11.495 Thread 0x0000023a7b2e7000 Exception <a 'java/lang/NoSuchMethodError': java.lang.Object.lambda$comparing$77a9974f$1(Ljava/util/function/Function;Ljava/lang/Object;Ljava/lang/Object;)I> (0x00000000e225d540) thrown at [C:\wsjdk\Corretto8Src\installers\windows\zip\corretto-build\build
Event: 11.497 Thread 0x0000023a7b2e7000 Exception <a 'java/lang/NoSuchMethodError': java.lang.Object.lambda$thenComparing$36697e65$1(Ljava/util/Comparator;Ljava/lang/Object;Ljava/lang/Object;)I> (0x00000000e22714b8) thrown at [C:\wsjdk\Corretto8Src\installers\windows\zip\corretto-build\buildRoo
Event: 11.502 Thread 0x0000023a7b2e7000 Exception <a 'java/lang/NoSuchMethodError': java.lang.Object.lambda$comparing$ea9a8b3a$1(Ljava/util/Comparator;Ljava/util/function/Function;Ljava/lang/Object;Ljava/lang/Object;)I> (0x00000000e228aea0) thrown at [C:\wsjdk\Corretto8Src\installers\windows\zi
Event: 15.715 Thread 0x0000023a7b2e7000 Implicit null exception at 0x0000023a65d28273 to 0x0000023a65d28edd

Events (10 events):
Event: 17.681 loading class org/codehaus/groovy/classgen/asm/util/LoggableClassVisitor
Event: 17.681 loading class org/codehaus/groovy/classgen/asm/util/LoggableClassVisitor done
Event: 17.684 loading class sun/reflect/generics/repository/FieldRepository
Event: 17.684 loading class sun/reflect/generics/repository/FieldRepository done
Event: 17.685 loading class sun/reflect/generics/reflectiveObjects/GenericArrayTypeImpl
Event: 17.686 loading class sun/reflect/generics/reflectiveObjects/GenericArrayTypeImpl done
Event: 17.687 loading class sun/reflect/generics/tree/BooleanSignature
Event: 17.687 loading class sun/reflect/generics/tree/BooleanSignature done
Event: 17.715 loading class org/codehaus/groovy/runtime/typehandling/ShortTypeHandling
Event: 17.715 loading class org/codehaus/groovy/runtime/typehandling/ShortTypeHandling done


Dynamic libraries:
0x00007ff6446b0000 - 0x00007ff6446ea000 	C:\Users\Admin\.jdks\corretto-1.8.0_372\bin\java.exe
0x00007fff36170000 - 0x00007fff36365000 	C:\Windows\SYSTEM32\ntdll.dll
0x00007fff36040000 - 0x00007fff360fe000 	C:\Windows\System32\KERNEL32.DLL
0x00007fff33bf0000 - 0x00007fff33eb8000 	C:\Windows\System32\KERNELBASE.dll
0x00007fff347f0000 - 0x00007fff3489c000 	C:\Windows\System32\ADVAPI32.dll
0x00007fff35280000 - 0x00007fff3531e000 	C:\Windows\System32\msvcrt.dll
0x00007fff34fd0000 - 0x00007fff3506b000 	C:\Windows\System32\sechost.dll
0x00007fff35bd0000 - 0x00007fff35cfa000 	C:\Windows\System32\RPCRT4.dll
0x00007fff341c0000 - 0x00007fff34361000 	C:\Windows\System32\USER32.dll
0x00007fff33880000 - 0x00007fff338a2000 	C:\Windows\System32\win32u.dll
0x00007fff36100000 - 0x00007fff3612b000 	C:\Windows\System32\GDI32.dll
0x00007fff340a0000 - 0x00007fff341ad000 	C:\Windows\System32\gdi32full.dll
0x00007fff33910000 - 0x00007fff339ad000 	C:\Windows\System32\msvcp_win.dll
0x00007fff33fa0000 - 0x00007fff340a0000 	C:\Windows\System32\ucrtbase.dll
0x00007fff23d70000 - 0x00007fff2400a000 	C:\Windows\WinSxS\amd64_microsoft.windows.common-controls_6595b64144ccf1df_6.0.19041.1110_none_60b5254171f9507e\COMCTL32.dll
0x00007fff35b30000 - 0x00007fff35b60000 	C:\Windows\System32\IMM32.DLL
0x00007ffef9300000 - 0x00007ffef93ef000 	C:\Users\Admin\.jdks\corretto-1.8.0_372\jre\bin\msvcr120.dll
0x00007ffef7db0000 - 0x00007ffef7e56000 	C:\Users\Admin\.jdks\corretto-1.8.0_372\jre\bin\msvcp120.dll
0x00000000695e0000 - 0x0000000069e55000 	C:\Users\Admin\.jdks\corretto-1.8.0_372\jre\bin\server\jvm.dll
0x00007fff341b0000 - 0x00007fff341b8000 	C:\Windows\System32\PSAPI.DLL
0x00007fff2d1d0000 - 0x00007fff2d1d9000 	C:\Windows\SYSTEM32\WSOCK32.dll
0x00007fff34f60000 - 0x00007fff34fcb000 	C:\Windows\System32\WS2_32.dll
0x00007fff1c510000 - 0x00007fff1c537000 	C:\Windows\SYSTEM32\WINMM.dll
0x00007fff27bf0000 - 0x00007fff27bfa000 	C:\Windows\SYSTEM32\VERSION.dll
0x00007fff24a30000 - 0x00007fff24a3f000 	C:\Users\Admin\.jdks\corretto-1.8.0_372\jre\bin\verify.dll
0x00007fff18230000 - 0x00007fff18259000 	C:\Users\Admin\.jdks\corretto-1.8.0_372\jre\bin\java.dll
0x00007fff24a10000 - 0x00007fff24a26000 	C:\Users\Admin\.jdks\corretto-1.8.0_372\jre\bin\zip.dll
0x00007fff35330000 - 0x00007fff35a74000 	C:\Windows\System32\SHELL32.dll
0x00007fff31b20000 - 0x00007fff322b4000 	C:\Windows\SYSTEM32\windows.storage.dll
0x00007fff34b20000 - 0x00007fff34e75000 	C:\Windows\System32\combase.dll
0x00007fff33200000 - 0x00007fff3322e000 	C:\Windows\SYSTEM32\Wldp.dll
0x00007fff35a80000 - 0x00007fff35b2d000 	C:\Windows\System32\SHCORE.dll
0x00007fff35b70000 - 0x00007fff35bc5000 	C:\Windows\System32\shlwapi.dll
0x00007fff337c0000 - 0x00007fff337df000 	C:\Windows\SYSTEM32\profapi.dll
0x00007fff1b6a0000 - 0x00007fff1b6ba000 	C:\Users\Admin\.jdks\corretto-1.8.0_372\jre\bin\net.dll
0x00007fff32f60000 - 0x00007fff32fca000 	C:\Windows\system32\mswsock.dll
0x00007fff17f00000 - 0x00007fff17f12000 	C:\Users\Admin\.jdks\corretto-1.8.0_372\jre\bin\nio.dll
0x00007fff24d30000 - 0x00007fff24d56000 	C:\Users\Admin\Downloads\FoodDeliveryApp-master\native\30\windows-amd64\native-platform.dll
0x00007fff1bbe0000 - 0x00007fff1bbed000 	C:\Users\Admin\.jdks\corretto-1.8.0_372\jre\bin\management.dll
0x00007fff33150000 - 0x00007fff33168000 	C:\Windows\SYSTEM32\CRYPTSP.dll
0x00007fff32a90000 - 0x00007fff32ac4000 	C:\Windows\system32\rsaenh.dll
0x00007fff339b0000 - 0x00007fff339d7000 	C:\Windows\System32\bcrypt.dll
0x00007fff33710000 - 0x00007fff3373e000 	C:\Windows\SYSTEM32\USERENV.dll
0x00007fff33f10000 - 0x00007fff33f93000 	C:\Windows\System32\bcryptprimitives.dll
0x00007fff33170000 - 0x00007fff3317c000 	C:\Windows\SYSTEM32\CRYPTBASE.dll
0x00007fff32c50000 - 0x00007fff32c8b000 	C:\Windows\SYSTEM32\IPHLPAPI.DLL
0x00007fff35b60000 - 0x00007fff35b68000 	C:\Windows\System32\NSI.dll
0x00007fff2bd50000 - 0x00007fff2bd67000 	C:\Windows\SYSTEM32\dhcpcsvc6.DLL
0x00007fff2cb10000 - 0x00007fff2cb2d000 	C:\Windows\SYSTEM32\dhcpcsvc.DLL
0x00007fff32ca0000 - 0x00007fff32d6b000 	C:\Windows\SYSTEM32\DNSAPI.dll

VM Arguments:
jvm_args: -Xmx1536m -Dfile.encoding=windows-1252 -Duser.country=US -Duser.language=en -Duser.variant 
java_command: org.gradle.launcher.daemon.bootstrap.GradleDaemon 5.6.4
java_class_path (initial): C:\Users\Admin\Downloads\FoodDeliveryApp-master\wrapper\dists\gradle-5.6.4-bin\bxirm19lnfz6nurbatndyydux\gradle-5.6.4\lib\gradle-launcher-5.6.4.jar
Launcher Type: SUN_STANDARD

Environment Variables:
PATH=C:\Program Files\Common Files\Oracle\Java\javapath;C:\Windows\system32;C:\Windows;C:\Windows\System32\Wbem;C:\Windows\System32\WindowsPowerShell\v1.0\;C:\Windows\System32\OpenSSH\;C:\Program Files\Git\cmd;C:\Program Files\Microsoft SQL Server\Client SDK\ODBC\130\Tools\Binn\;C:\Program Files (x86)\Microsoft SQL Server\140\Tools\Binn\;C:\Program Files\Microsoft SQL Server\140\Tools\Binn\;C:\Program Files\Microsoft SQL Server\140\DTS\Binn\;C:\Program Files (x86)\Microsoft SQL Server\160\DTS\Binn\;C:\Users\Admin\AppData\Local\Microsoft\WindowsApps;C:\Users\Admin\AppData\Local\Programs\Microsoft VS Code\bin;C:\Program Files\Azure Data Studio\bin
USERNAME=Admin
OS=Windows_NT
PROCESSOR_IDENTIFIER=Intel64 Family 6 Model 122 Stepping 1, GenuineIntel



---------------  S Y S T E M  ---------------

OS: Windows 10 , 64 bit Build 19041 (10.0.19041.1348)

CPU:total 2 (initial active 2) (2 cores per cpu, 1 threads per core) family 6 model 122 stepping 1, cmov, cx8, fxsr, mmx, sse, sse2, sse3, ssse3, sse4.1, sse4.2, popcnt, aes, clmul, erms, 3dnowpref, tsc, tscinvbit

Memory: 4k page, physical 4012932k(361320k free), swap 4012932k(5920k free)

vm_info: OpenJDK 64-Bit Server VM (25.372-b07) for windows-amd64 JRE (1.8.0_372-b07), built on Apr 17 2023 22:43:30 by "Administrator" with MS VC++ 12.0 (VS2013)

time: Fri Jul 07 21:53:31 2023
timezone: SE Asia Standard Time
elapsed time: 17.733225 seconds (0d 0h 0m 17s)

