#
# There is insufficient memory for the Java Runtime Environment to continue.
# Native memory allocation (malloc) failed to allocate 1250736 bytes for Chunk::new
# Possible reasons:
#   The system is out of physical RAM or swap space
#   The process is running with CompressedOops enabled, and the Java Heap may be blocking the growth of the native heap
# Possible solutions:
#   Reduce memory load on the system
#   Increase physical memory or swap space
#   Check if swap backing store is full
#   Decrease Java heap size (-Xmx/-Xms)
#   Decrease number of Java threads
#   Decrease Java thread stack sizes (-Xss)
#   Set larger code cache with -XX:ReservedCodeCacheSize=
#   JVM is running with Unscaled Compressed Oops mode in which the Java heap is
#     placed in the first 4GB address space. The Java Heap base address is the
#     maximum limit for the native heap growth. Please use -XX:HeapBaseMinAddress
#     to set the Java Heap base and to place the Java Heap above 4GB virtual address.
# This output file may be truncated or incomplete.
#
#  Out of Memory Error (allocation.cpp:389), pid=5520, tid=0x0000000000001684
#
# JRE version: OpenJDK Runtime Environment (8.0_372-b07) (build 1.8.0_372-b07)
# Java VM: OpenJDK 64-Bit Server VM (25.372-b07 mixed mode windows-amd64 compressed oops)
# Failed to write core dump. Minidumps are not enabled by default on client versions of Windows
#

---------------  T H R E A D  ---------------

Current thread (0x0000019774a06000):  JavaThread "C2 CompilerThread0" daemon [_thread_in_native, id=5764, stack(0x00000015fa700000,0x00000015fa800000)]

Stack: [0x00000015fa700000,0x00000015fa800000]
[error occurred during error reporting (printing stack bounds), id 0xc0000005]

Native frames: (J=compiled Java code, j=interpreted, Vv=VM code, C=native code)


Current CompileTask:
C2: 598012 8462   !   4       java.io.ObjectInputStream::readObject0 (671 bytes)


---------------  P R O C E S S  ---------------

Java Threads: ( => current thread )
  0x0000019779716800 JavaThread "Cache worker for Artifact transforms cache (C:\Users\Admin\Downloads\FoodDeliveryApp-master\caches\transforms-1)" [_thread_blocked, id=4384, stack(0x00000015fb200000,0x00000015fb300000)]
  0x0000019779715000 JavaThread "Cache worker for file hash cache (C:\Users\Admin\Downloads\Perpustakaan-master\.gradle\4.6\fileHashes)" [_thread_blocked, id=5272, stack(0x00000015fb100000,0x00000015fb200000)]
  0x0000019779714000 JavaThread "Stdin handler" [_thread_blocked, id=1296, stack(0x00000015fb000000,0x00000015fb100000)]
  0x0000019779712800 JavaThread "Asynchronous log dispatcher for DefaultDaemonConnection: socket connection from /127.0.0.1:50435 to /127.0.0.1:50651" [_thread_blocked, id=500, stack(0x00000015faf00000,0x00000015fb000000)]
  0x0000019779713000 JavaThread "Cancel handler" [_thread_blocked, id=3756, stack(0x00000015fad00000,0x00000015fae00000)]
  0x0000019779711800 JavaThread "Handler for socket connection from /127.0.0.1:50435 to /127.0.0.1:50651" [_thread_in_native, id=572, stack(0x00000015f9e00000,0x00000015f9f00000)]
  0x00000197765d8800 JavaThread "Daemon worker Thread 3" [_thread_in_vm, id=5976, stack(0x00000015fae00000,0x00000015faf00000)]
  0x00000197765da800 JavaThread "Daemon Thread 3" [_thread_blocked, id=6076, stack(0x00000015f9d00000,0x00000015f9e00000)]
  0x00000197757f8800 JavaThread "File lock request listener" [_thread_in_native, id=4308, stack(0x00000015fb400000,0x00000015fb500000)]
  0x0000019775277800 JavaThread "Cache worker for file hash cache (C:\Users\Admin\Downloads\FoodDeliveryApp-master\caches\4.6\fileHashes)" [_thread_blocked, id=3488, stack(0x00000015fb300000,0x00000015fb400000)]
  0x0000019775eba800 JavaThread "Daemon periodic checks" [_thread_blocked, id=1484, stack(0x00000015fac00000,0x00000015fad00000)]
  0x0000019776583000 JavaThread "Incoming local TCP Connector on port 50435" [_thread_in_native, id=3100, stack(0x00000015fab00000,0x00000015fac00000)]
  0x0000019774a66800 JavaThread "Service Thread" daemon [_thread_blocked, id=2116, stack(0x00000015fa900000,0x00000015faa00000)]
  0x0000019774a64000 JavaThread "C1 CompilerThread1" daemon [_thread_blocked, id=4868, stack(0x00000015fa800000,0x00000015fa900000)]
=>0x0000019774a06000 JavaThread "C2 CompilerThread0" daemon [_thread_in_native, id=5764, stack(0x00000015fa700000,0x00000015fa800000)]
  0x00000197749ff000 JavaThread "Attach Listener" daemon [_thread_blocked, id=396, stack(0x00000015fa600000,0x00000015fa700000)]
  0x0000019774a03800 JavaThread "Signal Dispatcher" daemon [_thread_blocked, id=2076, stack(0x00000015fa500000,0x00000015fa600000)]
  0x0000019774508800 JavaThread "Finalizer" daemon [_thread_blocked, id=2532, stack(0x00000015fa400000,0x00000015fa500000)]
  0x00000197749e4000 JavaThread "Reference Handler" daemon [_thread_blocked, id=1240, stack(0x00000015fa300000,0x00000015fa400000)]
  0x000001975f6a2800 JavaThread "main" [_thread_blocked, id=3404, stack(0x00000015f9f00000,0x00000015fa000000)]

Other Threads:
  0x00000197749c3000 VMThread [stack: 0x00000015fa200000,0x00000015fa300000] [id=684]
  0x0000019774a69800 WatcherThread [stack: 0x00000015faa00000,0x00000015fab00000] [id=2960]

VM state:not at safepoint (normal execution)

VM Mutex/Monitor currently owned by a thread: None

heap address: 0x00000000a0000000, size: 1536 MB, Compressed Oops mode: 32-bit
Narrow klass base: 0x0000000000000000, Narrow klass shift: 3
Compressed class space size: 1073741824 Address: 0x0000000100000000

Heap:
 PSYoungGen      total 255488K, used 58306K [0x00000000e0000000, 0x00000000f0600000, 0x0000000100000000)
  eden space 242688K, 22% used [0x00000000e0000000,0x00000000e3502eb8,0x00000000eed00000)
  from space 12800K, 31% used [0x00000000eed00000,0x00000000ef0edb28,0x00000000ef980000)
  to   space 8192K, 0% used [0x00000000efe00000,0x00000000efe00000,0x00000000f0600000)
 ParOldGen       total 43520K, used 23344K [0x00000000a0000000, 0x00000000a2a80000, 0x00000000e0000000)
  object space 43520K, 53% used [0x00000000a0000000,0x00000000a16cc318,0x00000000a2a80000)
 Metaspace       used 46609K, capacity 48152K, committed 48424K, reserved 1091584K
  class space    used 6120K, capacity 6628K, committed 6696K, reserved 1048576K

Card table byte_map: [0x00000197703f0000,0x0000019770700000] byte_map_base: 0x000001976fef0000

Marking Bits: (ParMarkBitMap*) 0x0000000069dd6850
 Begin Bits: [0x0000019770900000, 0x0000019772100000)
 End Bits:   [0x0000019772100000, 0x0000019773900000)

Polling page: 0x0000019761000000

CodeCache: size=245760Kb used=24461Kb max_used=24461Kb free=221298Kb
 bounds [0x0000019761030000, 0x0000019762840000, 0x0000019770030000]
 total_blobs=7864 nmethods=7105 adapters=671
 compilation: enabled

Compilation events (10 events):
Event: 597.961 Thread 0x0000019774a64000 8505       3       org.gradle.model.internal.type.ClassTypeWrapper::equals (41 bytes)
Event: 597.961 Thread 0x0000019774a64000 nmethod 8505 0x00000197627fc190 code [0x00000197627fc340, 0x00000197627fccd8]
Event: 597.962 Thread 0x0000019774a64000 8506       3       org.gradle.internal.Factories::constant (9 bytes)
Event: 597.963 Thread 0x0000019774a64000 nmethod 8506 0x000001976170f4d0 code [0x000001976170f640, 0x000001976170f898]
Event: 597.964 Thread 0x0000019774a64000 8507       3       java.lang.Class::getMethods (17 bytes)
Event: 597.964 Thread 0x0000019774a64000 nmethod 8507 0x00000197627fcf50 code [0x00000197627fd0e0, 0x00000197627fd320]
Event: 597.964 Thread 0x0000019774a64000 8508       3       java.lang.Class$MethodArray::<init> (38 bytes)
Event: 597.965 Thread 0x0000019774a64000 nmethod 8508 0x00000197627fd410 code [0x00000197627fd580, 0x00000197627fd8f0]
Event: 597.966 Thread 0x0000019774a64000 8509       3       org.gradle.internal.metaobject.BeanDynamicObject::determineDelegate (78 bytes)
Event: 597.967 Thread 0x0000019774a64000 nmethod 8509 0x00000197627fda10 code [0x00000197627fdc40, 0x00000197627feba0]

GC Heap History (10 events):
Event: 279.992 GC heap before
{Heap before GC invocations=11 (full 1):
 PSYoungGen      total 131072K, used 44617K [0x00000000e0000000, 0x00000000eba00000, 0x0000000100000000)
  eden space 122368K, 29% used [0x00000000e0000000,0x00000000e2315458,0x00000000e7780000)
  from space 8704K, 99% used [0x00000000e7780000,0x00000000e7ffd0d0,0x00000000e8000000)
  to   space 11264K, 0% used [0x00000000eaf00000,0x00000000eaf00000,0x00000000eba00000)
 ParOldGen       total 31232K, used 13722K [0x00000000a0000000, 0x00000000a1e80000, 0x00000000e0000000)
  object space 31232K, 43% used [0x00000000a0000000,0x00000000a0d66858,0x00000000a1e80000)
 Metaspace       used 34606K, capacity 35370K, committed 35496K, reserved 1079296K
  class space    used 4764K, capacity 5007K, committed 5032K, reserved 1048576K
Event: 280.021 GC heap after
Heap after GC invocations=11 (full 1):
 PSYoungGen      total 178688K, used 8327K [0x00000000e0000000, 0x00000000ec300000, 0x0000000100000000)
  eden space 167424K, 0% used [0x00000000e0000000,0x00000000e0000000,0x00000000ea380000)
  from space 11264K, 73% used [0x00000000eaf00000,0x00000000eb721c38,0x00000000eba00000)
  to   space 11776K, 0% used [0x00000000ea380000,0x00000000ea380000,0x00000000eaf00000)
 ParOldGen       total 31232K, used 16529K [0x00000000a0000000, 0x00000000a1e80000, 0x00000000e0000000)
  object space 31232K, 52% used [0x00000000a0000000,0x00000000a1024758,0x00000000a1e80000)
 Metaspace       used 34606K, capacity 35370K, committed 35496K, reserved 1079296K
  class space    used 4764K, capacity 5007K, committed 5032K, reserved 1048576K
}
Event: 280.021 GC heap before
{Heap before GC invocations=12 (full 2):
 PSYoungGen      total 178688K, used 8327K [0x00000000e0000000, 0x00000000ec300000, 0x0000000100000000)
  eden space 167424K, 0% used [0x00000000e0000000,0x00000000e0000000,0x00000000ea380000)
  from space 11264K, 73% used [0x00000000eaf00000,0x00000000eb721c38,0x00000000eba00000)
  to   space 11776K, 0% used [0x00000000ea380000,0x00000000ea380000,0x00000000eaf00000)
 ParOldGen       total 31232K, used 16529K [0x00000000a0000000, 0x00000000a1e80000, 0x00000000e0000000)
  object space 31232K, 52% used [0x00000000a0000000,0x00000000a1024758,0x00000000a1e80000)
 Metaspace       used 34606K, capacity 35370K, committed 35496K, reserved 1079296K
  class space    used 4764K, capacity 5007K, committed 5032K, reserved 1048576K
Event: 280.137 GC heap after
Heap after GC invocations=12 (full 2):
 PSYoungGen      total 178688K, used 0K [0x00000000e0000000, 0x00000000ec300000, 0x0000000100000000)
  eden space 167424K, 0% used [0x00000000e0000000,0x00000000e0000000,0x00000000ea380000)
  from space 11264K, 0% used [0x00000000eaf00000,0x00000000eaf00000,0x00000000eba00000)
  to   space 11776K, 0% used [0x00000000ea380000,0x00000000ea380000,0x00000000eaf00000)
 ParOldGen       total 43520K, used 17713K [0x00000000a0000000, 0x00000000a2a80000, 0x00000000e0000000)
  object space 43520K, 40% used [0x00000000a0000000,0x00000000a114c668,0x00000000a2a80000)
 Metaspace       used 34588K, capacity 35350K, committed 35496K, reserved 1079296K
  class space    used 4757K, capacity 4999K, committed 5032K, reserved 1048576K
}
Event: 335.917 GC heap before
{Heap before GC invocations=13 (full 2):
 PSYoungGen      total 178688K, used 167424K [0x00000000e0000000, 0x00000000ec300000, 0x0000000100000000)
  eden space 167424K, 100% used [0x00000000e0000000,0x00000000ea380000,0x00000000ea380000)
  from space 11264K, 0% used [0x00000000eaf00000,0x00000000eaf00000,0x00000000eba00000)
  to   space 11776K, 0% used [0x00000000ea380000,0x00000000ea380000,0x00000000eaf00000)
 ParOldGen       total 43520K, used 17713K [0x00000000a0000000, 0x00000000a2a80000, 0x00000000e0000000)
  object space 43520K, 40% used [0x00000000a0000000,0x00000000a114c668,0x00000000a2a80000)
 Metaspace       used 44190K, capacity 45172K, committed 45352K, reserved 1089536K
  class space    used 5846K, capacity 6150K, committed 6184K, reserved 1048576K
Event: 335.939 GC heap after
Heap after GC invocations=13 (full 2):
 PSYoungGen      total 179200K, used 8272K [0x00000000e0000000, 0x00000000f0a00000, 0x0000000100000000)
  eden space 167424K, 0% used [0x00000000e0000000,0x00000000e0000000,0x00000000ea380000)
  from space 11776K, 70% used [0x00000000ea380000,0x00000000eab94370,0x00000000eaf00000)
  to   space 12288K, 0% used [0x00000000efe00000,0x00000000efe00000,0x00000000f0a00000)
 ParOldGen       total 43520K, used 17801K [0x00000000a0000000, 0x00000000a2a80000, 0x00000000e0000000)
  object space 43520K, 40% used [0x00000000a0000000,0x00000000a1162678,0x00000000a2a80000)
 Metaspace       used 44190K, capacity 45172K, committed 45352K, reserved 1089536K
  class space    used 5846K, capacity 6150K, committed 6184K, reserved 1048576K
}
Event: 458.942 GC heap before
{Heap before GC invocations=14 (full 2):
 PSYoungGen      total 179200K, used 175696K [0x00000000e0000000, 0x00000000f0a00000, 0x0000000100000000)
  eden space 167424K, 100% used [0x00000000e0000000,0x00000000ea380000,0x00000000ea380000)
  from space 11776K, 70% used [0x00000000ea380000,0x00000000eab94370,0x00000000eaf00000)
  to   space 12288K, 0% used [0x00000000efe00000,0x00000000efe00000,0x00000000f0a00000)
 ParOldGen       total 43520K, used 17801K [0x00000000a0000000, 0x00000000a2a80000, 0x00000000e0000000)
  object space 43520K, 40% used [0x00000000a0000000,0x00000000a1162678,0x00000000a2a80000)
 Metaspace       used 44534K, capacity 45562K, committed 45864K, reserved 1089536K
  class space    used 5852K, capacity 6151K, committed 6184K, reserved 1048576K
Event: 458.958 GC heap after
Heap after GC invocations=14 (full 2):
 PSYoungGen      total 250880K, used 688K [0x00000000e0000000, 0x00000000f0600000, 0x0000000100000000)
  eden space 242688K, 0% used [0x00000000e0000000,0x00000000e0000000,0x00000000eed00000)
  from space 8192K, 8% used [0x00000000efe00000,0x00000000efeac088,0x00000000f0600000)
  to   space 12800K, 0% used [0x00000000eed00000,0x00000000eed00000,0x00000000ef980000)
 ParOldGen       total 43520K, used 22880K [0x00000000a0000000, 0x00000000a2a80000, 0x00000000e0000000)
  object space 43520K, 52% used [0x00000000a0000000,0x00000000a16581a8,0x00000000a2a80000)
 Metaspace       used 44534K, capacity 45562K, committed 45864K, reserved 1089536K
  class space    used 5852K, capacity 6151K, committed 6184K, reserved 1048576K
}
Event: 550.860 GC heap before
{Heap before GC invocations=15 (full 2):
 PSYoungGen      total 250880K, used 243376K [0x00000000e0000000, 0x00000000f0600000, 0x0000000100000000)
  eden space 242688K, 100% used [0x00000000e0000000,0x00000000eed00000,0x00000000eed00000)
  from space 8192K, 8% used [0x00000000efe00000,0x00000000efeac088,0x00000000f0600000)
  to   space 12800K, 0% used [0x00000000eed00000,0x00000000eed00000,0x00000000ef980000)
 ParOldGen       total 43520K, used 22880K [0x00000000a0000000, 0x00000000a2a80000, 0x00000000e0000000)
  object space 43520K, 52% used [0x00000000a0000000,0x00000000a16581a8,0x00000000a2a80000)
 Metaspace       used 45699K, capacity 46906K, committed 47144K, reserved 1089536K
  class space    used 6014K, capacity 6377K, committed 6440K, reserved 1048576K
Event: 550.877 GC heap after
Heap after GC invocations=15 (full 2):
 PSYoungGen      total 255488K, used 4022K [0x00000000e0000000, 0x00000000f0600000, 0x0000000100000000)
  eden space 242688K, 0% used [0x00000000e0000000,0x00000000e0000000,0x00000000eed00000)
  from space 12800K, 31% used [0x00000000eed00000,0x00000000ef0edb28,0x00000000ef980000)
  to   space 8192K, 0% used [0x00000000efe00000,0x00000000efe00000,0x00000000f0600000)
 ParOldGen       total 43520K, used 23344K [0x00000000a0000000, 0x00000000a2a80000, 0x00000000e0000000)
  object space 43520K, 53% used [0x00000000a0000000,0x00000000a16cc318,0x00000000a2a80000)
 Metaspace       used 45699K, capacity 46906K, committed 47144K, reserved 1089536K
  class space    used 6014K, capacity 6377K, committed 6440K, reserved 1048576K
}

Deoptimization events (10 events):
Event: 572.766 Thread 0x00000197765d8800 Uncommon trap: reason=array_check action=maybe_recompile pc=0x0000019761e95440 method=com.google.common.collect.ImmutableSet.construct(I[Ljava/lang/Object;)Lcom/google/common/collect/ImmutableSet; @ 122
Event: 573.201 Thread 0x00000197765d8800 Uncommon trap: reason=class_check action=maybe_recompile pc=0x0000019762079cbc method=java.util.Hashtable.get(Ljava/lang/Object;)Ljava/lang/Object; @ 45
Event: 573.203 Thread 0x00000197765d8800 Uncommon trap: reason=unstable_if action=reinterpret pc=0x0000019762275284 method=groovyjarjarantlr.ASTFactory.addASTChild(Lgroovyjarjarantlr/ASTPair;Lgroovyjarjarantlr/collections/AST;)V @ 23
Event: 573.606 Thread 0x00000197765d8800 Uncommon trap: reason=class_check action=maybe_recompile pc=0x0000019762079cbc method=java.util.Hashtable.get(Ljava/lang/Object;)Ljava/lang/Object; @ 45
Event: 573.709 Thread 0x00000197765d8800 Uncommon trap: reason=bimorphic action=maybe_recompile pc=0x00000197625bd89c method=com.google.common.collect.AbstractMapBasedMultimap.createCollection(Ljava/lang/Object;)Ljava/util/Collection; @ 1
Event: 573.709 Thread 0x00000197765d8800 Uncommon trap: reason=class_check action=maybe_recompile pc=0x00000197625c7fe4 method=com.google.common.collect.AbstractMapBasedMultimap.put(Ljava/lang/Object;Ljava/lang/Object;)Z @ 10
Event: 573.712 Thread 0x00000197765d8800 Uncommon trap: reason=array_check action=maybe_recompile pc=0x00000197617d4e14 method=java.util.ComparableTimSort.binarySort([Ljava/lang/Object;III)V @ 215
Event: 573.714 Thread 0x00000197765d8800 Uncommon trap: reason=bimorphic action=maybe_recompile pc=0x0000019761b8938c method=org.codehaus.groovy.util.SingleKeyHashMap.get(Ljava/lang/Object;)Ljava/lang/Object; @ 1
Event: 573.714 Thread 0x00000197765d8800 Uncommon trap: reason=bimorphic action=maybe_recompile pc=0x0000019761b8938c method=org.codehaus.groovy.util.SingleKeyHashMap.get(Ljava/lang/Object;)Ljava/lang/Object; @ 1
Event: 573.714 Thread 0x00000197765d8800 Uncommon trap: reason=class_check action=maybe_recompile pc=0x00000197623d864c method=com.google.common.base.Objects.equal(Ljava/lang/Object;Ljava/lang/Object;)Z @ 11

Classes redefined (0 events):
No events

Internal exceptions (10 events):
Event: 573.268 Thread 0x00000197765d8800 Exception <a 'java/lang/ClassNotFoundException': build_79mrcyczklfsugb5si6vdkb4hBeanInfo> (0x00000000e20f2ad0) thrown at [C:\wsjdk\Corretto8Src\installers\windows\zip\corretto-build\buildRoot\hotspot\src\share\vm\classfile\systemDictionary.cpp, line 217]
Event: 573.269 Thread 0x00000197765d8800 Exception <a 'java/lang/ClassNotFoundException': build_79mrcyczklfsugb5si6vdkb4hCustomizer> (0x00000000e20fd4a0) thrown at [C:\wsjdk\Corretto8Src\installers\windows\zip\corretto-build\buildRoot\hotspot\src\share\vm\classfile\systemDictionary.cpp, line 217
Event: 573.700 Thread 0x00000197765d8800 Exception <a 'java/lang/ClassNotFoundException': build_79mrcyczklfsugb5si6vdkb4hBeanInfo> (0x00000000e29a0a80) thrown at [C:\wsjdk\Corretto8Src\installers\windows\zip\corretto-build\buildRoot\hotspot\src\share\vm\classfile\systemDictionary.cpp, line 217]
Event: 573.701 Thread 0x00000197765d8800 Exception <a 'java/lang/ClassNotFoundException': build_79mrcyczklfsugb5si6vdkb4hCustomizer> (0x00000000e29ab7e0) thrown at [C:\wsjdk\Corretto8Src\installers\windows\zip\corretto-build\buildRoot\hotspot\src\share\vm\classfile\systemDictionary.cpp, line 217
Event: 573.714 Thread 0x00000197765d8800 Exception <a 'java/lang/reflect/InvocationTargetException'> (0x00000000e2a12d50) thrown at [C:\wsjdk\Corretto8Src\installers\windows\zip\corretto-build\buildRoot\hotspot\src\share\vm\runtime\reflection.cpp, line 1092]
Event: 573.714 Thread 0x00000197765d8800 Exception <a 'java/lang/reflect/InvocationTargetException'> (0x00000000e2a13ec8) thrown at [C:\wsjdk\Corretto8Src\installers\windows\zip\corretto-build\buildRoot\hotspot\src\share\vm\runtime\reflection.cpp, line 1092]
Event: 597.859 Thread 0x00000197765d8800 Exception <a 'java/lang/ClassNotFoundException': sync_studio_tooling584_ecwe5gkwx0236e79horfbaqbpBeanInfo> (0x00000000e2ea9b58) thrown at [C:\wsjdk\Corretto8Src\installers\windows\zip\corretto-build\buildRoot\hotspot\src\share\vm\classfile\systemDictionar
Event: 597.861 Thread 0x00000197765d8800 Exception <a 'java/lang/ClassNotFoundException': sync_studio_tooling584_ecwe5gkwx0236e79horfbaqbpCustomizer> (0x00000000e2eb5f30) thrown at [C:\wsjdk\Corretto8Src\installers\windows\zip\corretto-build\buildRoot\hotspot\src\share\vm\classfile\systemDiction
Event: 597.931 Thread 0x00000197765d8800 Exception <a 'java/lang/ClassNotFoundException': sync_studio_tooling584_ecwe5gkwx0236e79horfbaqbpBeanInfo> (0x00000000e2fd7de0) thrown at [C:\wsjdk\Corretto8Src\installers\windows\zip\corretto-build\buildRoot\hotspot\src\share\vm\classfile\systemDictionar
Event: 597.932 Thread 0x00000197765d8800 Exception <a 'java/lang/ClassNotFoundException': sync_studio_tooling584_ecwe5gkwx0236e79horfbaqbpCustomizer> (0x00000000e2fe4120) thrown at [C:\wsjdk\Corretto8Src\installers\windows\zip\corretto-build\buildRoot\hotspot\src\share\vm\classfile\systemDiction

Events (10 events):
Event: 597.931 loading class sync_studio_tooling584_ecwe5gkwx0236e79horfbaqbpBeanInfo
Event: 597.931 loading class sync_studio_tooling584_ecwe5gkwx0236e79horfbaqbpBeanInfo done
Event: 597.931 loading class sync_studio_tooling584_ecwe5gkwx0236e79horfbaqbpBeanInfo
Event: 597.931 loading class sync_studio_tooling584_ecwe5gkwx0236e79horfbaqbpBeanInfo done
Event: 597.931 loading class sync_studio_tooling584_ecwe5gkwx0236e79horfbaqbpCustomizer
Event: 597.931 loading class sync_studio_tooling584_ecwe5gkwx0236e79horfbaqbpCustomizer done
Event: 597.932 loading class sync_studio_tooling584_ecwe5gkwx0236e79horfbaqbpCustomizer
Event: 597.932 loading class sync_studio_tooling584_ecwe5gkwx0236e79horfbaqbpCustomizer done
Event: 597.934 loading class groovy/runtime/metaclass/sync_studio_tooling584_ecwe5gkwx0236e79horfbaqbp$_run_closure1MetaClass
Event: 597.934 loading class groovy/runtime/metaclass/sync_studio_tooling584_ecwe5gkwx0236e79horfbaqbp$_run_closure1MetaClass done


Dynamic libraries:
0x00007ff6446b0000 - 0x00007ff6446ea000 	C:\Users\Admin\.jdks\corretto-1.8.0_372\bin\java.exe
0x00007fff36170000 - 0x00007fff36365000 	C:\Windows\SYSTEM32\ntdll.dll
0x00007fff36040000 - 0x00007fff360fe000 	C:\Windows\System32\KERNEL32.DLL
0x00007fff33bf0000 - 0x00007fff33eb8000 	C:\Windows\System32\KERNELBASE.dll
0x00007fff347f0000 - 0x00007fff3489c000 	C:\Windows\System32\ADVAPI32.dll
0x00007fff35280000 - 0x00007fff3531e000 	C:\Windows\System32\msvcrt.dll
0x00007fff34fd0000 - 0x00007fff3506b000 	C:\Windows\System32\sechost.dll
0x00007fff35bd0000 - 0x00007fff35cfa000 	C:\Windows\System32\RPCRT4.dll
0x00007fff341c0000 - 0x00007fff34361000 	C:\Windows\System32\USER32.dll
0x00007fff33880000 - 0x00007fff338a2000 	C:\Windows\System32\win32u.dll
0x00007fff36100000 - 0x00007fff3612b000 	C:\Windows\System32\GDI32.dll
0x00007fff340a0000 - 0x00007fff341ad000 	C:\Windows\System32\gdi32full.dll
0x00007fff33910000 - 0x00007fff339ad000 	C:\Windows\System32\msvcp_win.dll
0x00007fff33fa0000 - 0x00007fff340a0000 	C:\Windows\System32\ucrtbase.dll
0x00007fff23d70000 - 0x00007fff2400a000 	C:\Windows\WinSxS\amd64_microsoft.windows.common-controls_6595b64144ccf1df_6.0.19041.1110_none_60b5254171f9507e\COMCTL32.dll
0x00007fff35b30000 - 0x00007fff35b60000 	C:\Windows\System32\IMM32.DLL
0x00007ffef75d0000 - 0x00007ffef76bf000 	C:\Users\Admin\.jdks\corretto-1.8.0_372\jre\bin\msvcr120.dll
0x00007ffef9280000 - 0x00007ffef9326000 	C:\Users\Admin\.jdks\corretto-1.8.0_372\jre\bin\msvcp120.dll
0x00000000695e0000 - 0x0000000069e55000 	C:\Users\Admin\.jdks\corretto-1.8.0_372\jre\bin\server\jvm.dll
0x00007fff341b0000 - 0x00007fff341b8000 	C:\Windows\System32\PSAPI.DLL
0x00007fff2d1d0000 - 0x00007fff2d1d9000 	C:\Windows\SYSTEM32\WSOCK32.dll
0x00007fff1c510000 - 0x00007fff1c537000 	C:\Windows\SYSTEM32\WINMM.dll
0x00007fff34f60000 - 0x00007fff34fcb000 	C:\Windows\System32\WS2_32.dll
0x00007fff27bf0000 - 0x00007fff27bfa000 	C:\Windows\SYSTEM32\VERSION.dll
0x00007fff249c0000 - 0x00007fff249cf000 	C:\Users\Admin\.jdks\corretto-1.8.0_372\jre\bin\verify.dll
0x00007fff15fe0000 - 0x00007fff16009000 	C:\Users\Admin\.jdks\corretto-1.8.0_372\jre\bin\java.dll
0x00007fff182f0000 - 0x00007fff18306000 	C:\Users\Admin\.jdks\corretto-1.8.0_372\jre\bin\zip.dll
0x00007fff35330000 - 0x00007fff35a74000 	C:\Windows\System32\SHELL32.dll
0x00007fff31b20000 - 0x00007fff322b4000 	C:\Windows\SYSTEM32\windows.storage.dll
0x00007fff34b20000 - 0x00007fff34e75000 	C:\Windows\System32\combase.dll
0x00007fff33200000 - 0x00007fff3322e000 	C:\Windows\SYSTEM32\Wldp.dll
0x00007fff35a80000 - 0x00007fff35b2d000 	C:\Windows\System32\SHCORE.dll
0x00007fff35b70000 - 0x00007fff35bc5000 	C:\Windows\System32\shlwapi.dll
0x00007fff337c0000 - 0x00007fff337df000 	C:\Windows\SYSTEM32\profapi.dll
0x00007fff16180000 - 0x00007fff1619a000 	C:\Users\Admin\.jdks\corretto-1.8.0_372\jre\bin\net.dll
0x00007fff32f60000 - 0x00007fff32fca000 	C:\Windows\system32\mswsock.dll
0x00007fff156d0000 - 0x00007fff156e2000 	C:\Users\Admin\.jdks\corretto-1.8.0_372\jre\bin\nio.dll
0x00007fff18310000 - 0x00007fff1832e000 	C:\Users\Admin\Downloads\FoodDeliveryApp-master\native\25\windows-amd64\native-platform.dll
0x00007fff249b0000 - 0x00007fff249bd000 	C:\Users\Admin\.jdks\corretto-1.8.0_372\jre\bin\management.dll
0x00007fff33150000 - 0x00007fff33168000 	C:\Windows\SYSTEM32\CRYPTSP.dll
0x00007fff32a90000 - 0x00007fff32ac4000 	C:\Windows\system32\rsaenh.dll
0x00007fff339b0000 - 0x00007fff339d7000 	C:\Windows\System32\bcrypt.dll
0x00007fff33710000 - 0x00007fff3373e000 	C:\Windows\SYSTEM32\USERENV.dll
0x00007fff33f10000 - 0x00007fff33f93000 	C:\Windows\System32\bcryptprimitives.dll
0x00007fff33170000 - 0x00007fff3317c000 	C:\Windows\SYSTEM32\CRYPTBASE.dll
0x00007fff32c50000 - 0x00007fff32c8b000 	C:\Windows\SYSTEM32\IPHLPAPI.DLL
0x00007fff35b60000 - 0x00007fff35b68000 	C:\Windows\System32\NSI.dll
0x00007fff2bd50000 - 0x00007fff2bd67000 	C:\Windows\SYSTEM32\dhcpcsvc6.DLL
0x00007fff2cb10000 - 0x00007fff2cb2d000 	C:\Windows\SYSTEM32\dhcpcsvc.DLL
0x00007fff32ca0000 - 0x00007fff32d6b000 	C:\Windows\SYSTEM32\DNSAPI.dll
0x00007fff18230000 - 0x00007fff18253000 	C:\Users\Admin\.jdks\corretto-1.8.0_372\jre\bin\sunec.dll
0x00007fff2a7e0000 - 0x00007fff2a7ea000 	C:\Windows\System32\rasadhlp.dll
0x00007fff2a800000 - 0x00007fff2a87f000 	C:\Windows\System32\fwpuclnt.dll
0x00007fff24d10000 - 0x00007fff24d1c000 	C:\Users\Admin\.jdks\corretto-1.8.0_372\jre\bin\sunmscapi.dll
0x00007fff33a90000 - 0x00007fff33be6000 	C:\Windows\System32\CRYPT32.dll
0x00007fff33270000 - 0x00007fff33297000 	C:\Windows\SYSTEM32\ncrypt.dll
0x00007fff33230000 - 0x00007fff3326b000 	C:\Windows\SYSTEM32\NTASN1.dll

VM Arguments:
jvm_args: -Xmx1536m -Dfile.encoding=windows-1252 -Duser.country=US -Duser.language=en -Duser.variant 
java_command: org.gradle.launcher.daemon.bootstrap.GradleDaemon 4.6
java_class_path (initial): C:\Users\Admin\Downloads\FoodDeliveryApp-master\wrapper\dists\gradle-4.6-all\bcst21l2brirad8k2ben1letg\gradle-4.6\lib\gradle-launcher-4.6.jar
Launcher Type: SUN_STANDARD

Environment Variables:
PATH=C:\Program Files\Common Files\Oracle\Java\javapath;C:\Windows\system32;C:\Windows;C:\Windows\System32\Wbem;C:\Windows\System32\WindowsPowerShell\v1.0\;C:\Windows\System32\OpenSSH\;C:\Program Files\Git\cmd;C:\Program Files\Microsoft SQL Server\Client SDK\ODBC\130\Tools\Binn\;C:\Program Files (x86)\Microsoft SQL Server\140\Tools\Binn\;C:\Program Files\Microsoft SQL Server\140\Tools\Binn\;C:\Program Files\Microsoft SQL Server\140\DTS\Binn\;C:\Program Files (x86)\Microsoft SQL Server\160\DTS\Binn\;C:\Users\Admin\AppData\Local\Microsoft\WindowsApps;C:\Users\Admin\AppData\Local\Programs\Microsoft VS Code\bin;C:\Program Files\Azure Data Studio\bin
USERNAME=Admin
OS=Windows_NT
PROCESSOR_IDENTIFIER=Intel64 Family 6 Model 122 Stepping 1, GenuineIntel



---------------  S Y S T E M  ---------------

OS: Windows 10 , 64 bit Build 19041 (10.0.19041.1348)

CPU:total 2 (initial active 2) (2 cores per cpu, 1 threads per core) family 6 model 122 stepping 1, cmov, cx8, fxsr, mmx, sse, sse2, sse3, ssse3, sse4.1, sse4.2, popcnt, aes, clmul, erms, 3dnowpref, tsc, tscinvbit

Memory: 4k page, physical 4012932k(223324k free), swap 4012932k(5124k free)

vm_info: OpenJDK 64-Bit Server VM (25.372-b07) for windows-amd64 JRE (1.8.0_372-b07), built on Apr 17 2023 22:43:30 by "Administrator" with MS VC++ 12.0 (VS2013)

time: Fri Jul 07 21:38:31 2023
timezone: SE Asia Standard Time
elapsed time: 598.063757 seconds (0d 0h 9m 58s)

