#
# There is insufficient memory for the Java Runtime Environment to continue.
# Native memory allocation (malloc) failed to allocate 1033664 bytes for Chunk::new
# Possible reasons:
#   The system is out of physical RAM or swap space
#   The process is running with CompressedOops enabled, and the Java Heap may be blocking the growth of the native heap
# Possible solutions:
#   Reduce memory load on the system
#   Increase physical memory or swap space
#   Check if swap backing store is full
#   Decrease Java heap size (-Xmx/-Xms)
#   Decrease number of Java threads
#   Decrease Java thread stack sizes (-Xss)
#   Set larger code cache with -XX:ReservedCodeCacheSize=
#   JVM is running with Unscaled Compressed Oops mode in which the Java heap is
#     placed in the first 4GB address space. The Java Heap base address is the
#     maximum limit for the native heap growth. Please use -XX:HeapBaseMinAddress
#     to set the Java Heap base and to place the Java Heap above 4GB virtual address.
# This output file may be truncated or incomplete.
#
#  Out of Memory Error (allocation.cpp:389), pid=5396, tid=0x0000000000000828
#
# JRE version: OpenJDK Runtime Environment (8.0_372-b07) (build 1.8.0_372-b07)
# Java VM: OpenJDK 64-Bit Server VM (25.372-b07 mixed mode windows-amd64 compressed oops)
# Failed to write core dump. Minidumps are not enabled by default on client versions of Windows
#

---------------  T H R E A D  ---------------

Current thread (0x00000290a8cbe000):  JavaThread "C2 CompilerThread0" daemon [_thread_in_native, id=2088, stack(0x000000a348e00000,0x000000a348f00000)]

Stack: [0x000000a348e00000,0x000000a348f00000]
[error occurred during error reporting (printing stack bounds), id 0xc0000005]

Native frames: (J=compiled Java code, j=interpreted, Vv=VM code, C=native code)


Current CompileTask:
C2:  41814 2613       4       org.codehaus.groovy.runtime.metaclass.MetaMethodIndex::addMethodToList (298 bytes)


---------------  P R O C E S S  ---------------

Java Threads: ( => current thread )
  0x00000290aad07800 JavaThread "Cache worker for cache directory md-rule (C:\Users\Admin\Downloads\FoodDeliveryApp-master\caches\5.6.4\md-rule)" [_thread_blocked, id=5004, stack(0x000000a34a300000,0x000000a34a400000)]
  0x00000290aad05800 JavaThread "Cache worker for cache directory md-supplier (C:\Users\Admin\Downloads\FoodDeliveryApp-master\caches\5.6.4\md-supplier)" [_thread_blocked, id=1616, stack(0x000000a34a200000,0x000000a34a300000)]
  0x00000290aad0b800 JavaThread "Cache worker for file hash cache (C:\Users\Admin\Downloads\Perpustakaan-master\.gradle\5.6.4\fileHashes)" [_thread_blocked, id=1512, stack(0x000000a349f00000,0x000000a34a000000)]
  0x00000290aad07000 JavaThread "Cache worker for journal cache (C:\Users\Admin\Downloads\FoodDeliveryApp-master\caches\journal-1)" [_thread_blocked, id=5356, stack(0x000000a349e00000,0x000000a349f00000)]
  0x00000290aad08800 JavaThread "File lock request listener" [_thread_in_native, id=484, stack(0x000000a349d00000,0x000000a349e00000)]
  0x00000290aad06000 JavaThread "Cache worker for file hash cache (C:\Users\Admin\Downloads\FoodDeliveryApp-master\caches\5.6.4\fileHashes)" [_thread_blocked, id=4804, stack(0x000000a349c00000,0x000000a349d00000)]
  0x00000290aab79000 JavaThread "Thread-9" [_thread_blocked, id=4472, stack(0x000000a349b00000,0x000000a349c00000)]
  0x00000290aab68800 JavaThread "Stdin handler" [_thread_blocked, id=1268, stack(0x000000a349a00000,0x000000a349b00000)]
  0x00000290aab67800 JavaThread "Asynchronous log dispatcher for DefaultDaemonConnection: socket connection from /127.0.0.1:51389 to /127.0.0.1:51390" [_thread_blocked, id=2480, stack(0x000000a349900000,0x000000a349a00000)]
  0x00000290aab5d000 JavaThread "Daemon worker" [_thread_in_Java, id=4300, stack(0x000000a349800000,0x000000a349900000)]
  0x00000290aab52800 JavaThread "Cancel handler" [_thread_blocked, id=4624, stack(0x000000a349700000,0x000000a349800000)]
  0x00000290aab12000 JavaThread "Handler for socket connection from /127.0.0.1:51389 to /127.0.0.1:51390" [_thread_in_native, id=4540, stack(0x000000a349600000,0x000000a349700000)]
  0x00000290aab0d800 JavaThread "Daemon" [_thread_blocked, id=5388, stack(0x000000a349500000,0x000000a349600000)]
  0x00000290aaa1b800 JavaThread "Daemon periodic checks" [_thread_blocked, id=3444, stack(0x000000a349400000,0x000000a349500000)]
  0x00000290aaa51000 JavaThread "Incoming local TCP Connector on port 51389" [_thread_in_native, id=1160, stack(0x000000a349300000,0x000000a349400000)]
  0x00000290aa9ce800 JavaThread "Daemon health stats" [_thread_blocked, id=4340, stack(0x000000a349200000,0x000000a349300000)]
  0x00000290a8d17800 JavaThread "Service Thread" daemon [_thread_blocked, id=5152, stack(0x000000a349000000,0x000000a349100000)]
  0x00000290a8cb8000 JavaThread "C1 CompilerThread1" daemon [_thread_blocked, id=5208, stack(0x000000a348f00000,0x000000a349000000)]
=>0x00000290a8cbe000 JavaThread "C2 CompilerThread0" daemon [_thread_in_native, id=2088, stack(0x000000a348e00000,0x000000a348f00000)]
  0x00000290a8cb5800 JavaThread "Attach Listener" daemon [_thread_blocked, id=4744, stack(0x000000a348d00000,0x000000a348e00000)]
  0x00000290a8cad800 JavaThread "Signal Dispatcher" daemon [_thread_blocked, id=1272, stack(0x000000a348c00000,0x000000a348d00000)]
  0x00000290a87c0000 JavaThread "Finalizer" daemon [_thread_blocked, id=5436, stack(0x000000a348b00000,0x000000a348c00000)]
  0x00000290a8c94000 JavaThread "Reference Handler" daemon [_thread_blocked, id=4632, stack(0x000000a348a00000,0x000000a348b00000)]
  0x0000029093932800 JavaThread "main" [_thread_blocked, id=3468, stack(0x000000a348600000,0x000000a348700000)]

Other Threads:
  0x00000290a8c73000 VMThread [stack: 0x000000a348900000,0x000000a348a00000] [id=5540]
  0x00000290a8d1b000 WatcherThread [stack: 0x000000a349100000,0x000000a349200000] [id=4408]

VM state:not at safepoint (normal execution)

VM Mutex/Monitor currently owned by a thread: None

heap address: 0x00000000a0000000, size: 1536 MB, Compressed Oops mode: 32-bit
Narrow klass base: 0x0000000000000000, Narrow klass shift: 3
Compressed class space size: 1073741824 Address: 0x0000000100000000

Heap:
 PSYoungGen      total 134656K, used 80916K [0x00000000e0000000, 0x00000000e8d00000, 0x0000000100000000)
  eden space 124928K, 64% used [0x00000000e0000000,0x00000000e4f05220,0x00000000e7a00000)
  from space 9728K, 0% used [0x00000000e8380000,0x00000000e8380000,0x00000000e8d00000)
  to   space 9728K, 0% used [0x00000000e7a00000,0x00000000e7a00000,0x00000000e8380000)
 ParOldGen       total 31744K, used 9749K [0x00000000a0000000, 0x00000000a1f00000, 0x00000000e0000000)
  object space 31744K, 30% used [0x00000000a0000000,0x00000000a09857b0,0x00000000a1f00000)
 Metaspace       used 30967K, capacity 31558K, committed 31872K, reserved 1077248K
  class space    used 4173K, capacity 4393K, committed 4480K, reserved 1048576K

Card table byte_map: [0x00000290a46a0000,0x00000290a49b0000] byte_map_base: 0x00000290a41a0000

Marking Bits: (ParMarkBitMap*) 0x0000000069dd6850
 Begin Bits: [0x00000290a4bb0000, 0x00000290a63b0000)
 End Bits:   [0x00000290a63b0000, 0x00000290a7bb0000)

Polling page: 0x0000029093c80000

CodeCache: size=245760Kb used=9455Kb max_used=9455Kb free=236304Kb
 bounds [0x00000290952e0000, 0x0000029095c30000, 0x00000290a42e0000]
 total_blobs=3145 nmethods=2445 adapters=613
 compilation: enabled

Compilation events (10 events):
Event: 41.788 Thread 0x00000290a8cb8000 nmethod 2658 0x0000029095c18e90 code [0x0000029095c19080, 0x0000029095c19950]
Event: 41.788 Thread 0x00000290a8cb8000 2660       3       org.objectweb.asm.Frame::accept (264 bytes)
Event: 41.789 Thread 0x00000290a8cb8000 nmethod 2660 0x0000029095c19c10 code [0x0000029095c19e00, 0x0000029095c1a940]
Event: 41.789 Thread 0x00000290a8cb8000 2661       3       org.objectweb.asm.MethodWriter::visitLabel (328 bytes)
Event: 41.790 Thread 0x00000290a8cb8000 nmethod 2661 0x0000029095c1af50 code [0x0000029095c1b140, 0x0000029095c1bdd0]
Event: 41.790 Thread 0x00000290a8cb8000 2663       3       org.objectweb.asm.Type::getReturnTypeOffset (58 bytes)
Event: 41.790 Thread 0x00000290a8cb8000 nmethod 2663 0x0000029095c1c250 code [0x0000029095c1c440, 0x0000029095c1ce00]
Event: 41.790 Thread 0x00000290a8cb8000 2665       3       org.objectweb.asm.Frame::pop (53 bytes)
Event: 41.791 Thread 0x00000290a8cb8000 nmethod 2665 0x0000029095c1d1d0 code [0x0000029095c1d3a0, 0x0000029095c1d890]
Event: 41.791 Thread 0x00000290a8cb8000 2666       3       org.objectweb.asm.Type::appendDescriptor (90 bytes)

GC Heap History (10 events):
Event: 3.199 GC heap before
{Heap before GC invocations=5 (full 0):
 PSYoungGen      total 34304K, used 34292K [0x00000000e0000000, 0x00000000e2400000, 0x0000000100000000)
  eden space 31744K, 100% used [0x00000000e0000000,0x00000000e1f00000,0x00000000e1f00000)
  from space 2560K, 99% used [0x00000000e2180000,0x00000000e23fd3a0,0x00000000e2400000)
  to   space 2560K, 0% used [0x00000000e1f00000,0x00000000e1f00000,0x00000000e2180000)
 ParOldGen       total 42496K, used 950K [0x00000000a0000000, 0x00000000a2980000, 0x00000000e0000000)
  object space 42496K, 2% used [0x00000000a0000000,0x00000000a00edbf0,0x00000000a2980000)
 Metaspace       used 10939K, capacity 11236K, committed 11392K, reserved 1058816K
  class space    used 1463K, capacity 1550K, committed 1664K, reserved 1048576K
Event: 3.210 GC heap after
Heap after GC invocations=5 (full 0):
 PSYoungGen      total 34304K, used 2544K [0x00000000e0000000, 0x00000000e4900000, 0x0000000100000000)
  eden space 31744K, 0% used [0x00000000e0000000,0x00000000e0000000,0x00000000e1f00000)
  from space 2560K, 99% used [0x00000000e1f00000,0x00000000e217c030,0x00000000e2180000)
  to   space 5632K, 0% used [0x00000000e4380000,0x00000000e4380000,0x00000000e4900000)
 ParOldGen       total 42496K, used 4016K [0x00000000a0000000, 0x00000000a2980000, 0x00000000e0000000)
  object space 42496K, 9% used [0x00000000a0000000,0x00000000a03ec2a8,0x00000000a2980000)
 Metaspace       used 10939K, capacity 11236K, committed 11392K, reserved 1058816K
  class space    used 1463K, capacity 1550K, committed 1664K, reserved 1048576K
}
Event: 4.024 GC heap before
{Heap before GC invocations=6 (full 0):
 PSYoungGen      total 34304K, used 34288K [0x00000000e0000000, 0x00000000e4900000, 0x0000000100000000)
  eden space 31744K, 100% used [0x00000000e0000000,0x00000000e1f00000,0x00000000e1f00000)
  from space 2560K, 99% used [0x00000000e1f00000,0x00000000e217c030,0x00000000e2180000)
  to   space 5632K, 0% used [0x00000000e4380000,0x00000000e4380000,0x00000000e4900000)
 ParOldGen       total 42496K, used 4016K [0x00000000a0000000, 0x00000000a2980000, 0x00000000e0000000)
  object space 42496K, 9% used [0x00000000a0000000,0x00000000a03ec2a8,0x00000000a2980000)
 Metaspace       used 14266K, capacity 14638K, committed 14720K, reserved 1062912K
  class space    used 1994K, capacity 2129K, committed 2176K, reserved 1048576K
Event: 4.038 GC heap after
Heap after GC invocations=6 (full 0):
 PSYoungGen      total 68096K, used 5622K [0x00000000e0000000, 0x00000000e4b00000, 0x0000000100000000)
  eden space 62464K, 0% used [0x00000000e0000000,0x00000000e0000000,0x00000000e3d00000)
  from space 5632K, 99% used [0x00000000e4380000,0x00000000e48fda90,0x00000000e4900000)
  to   space 6656K, 0% used [0x00000000e3d00000,0x00000000e3d00000,0x00000000e4380000)
 ParOldGen       total 42496K, used 4459K [0x00000000a0000000, 0x00000000a2980000, 0x00000000e0000000)
  object space 42496K, 10% used [0x00000000a0000000,0x00000000a045ad58,0x00000000a2980000)
 Metaspace       used 14266K, capacity 14638K, committed 14720K, reserved 1062912K
  class space    used 1994K, capacity 2129K, committed 2176K, reserved 1048576K
}
Event: 37.246 GC heap before
{Heap before GC invocations=7 (full 0):
 PSYoungGen      total 68096K, used 68086K [0x00000000e0000000, 0x00000000e4b00000, 0x0000000100000000)
  eden space 62464K, 100% used [0x00000000e0000000,0x00000000e3d00000,0x00000000e3d00000)
  from space 5632K, 99% used [0x00000000e4380000,0x00000000e48fda90,0x00000000e4900000)
  to   space 6656K, 0% used [0x00000000e3d00000,0x00000000e3d00000,0x00000000e4380000)
 ParOldGen       total 42496K, used 4459K [0x00000000a0000000, 0x00000000a2980000, 0x00000000e0000000)
  object space 42496K, 10% used [0x00000000a0000000,0x00000000a045ad58,0x00000000a2980000)
 Metaspace       used 19327K, capacity 19830K, committed 19968K, reserved 1067008K
  class space    used 2835K, capacity 3029K, committed 3072K, reserved 1048576K
Event: 37.266 GC heap after
Heap after GC invocations=7 (full 0):
 PSYoungGen      total 69120K, used 6654K [0x00000000e0000000, 0x00000000e8d00000, 0x0000000100000000)
  eden space 62464K, 0% used [0x00000000e0000000,0x00000000e0000000,0x00000000e3d00000)
  from space 6656K, 99% used [0x00000000e3d00000,0x00000000e437fbe0,0x00000000e4380000)
  to   space 9728K, 0% used [0x00000000e8380000,0x00000000e8380000,0x00000000e8d00000)
 ParOldGen       total 42496K, used 7948K [0x00000000a0000000, 0x00000000a2980000, 0x00000000e0000000)
  object space 42496K, 18% used [0x00000000a0000000,0x00000000a07c3158,0x00000000a2980000)
 Metaspace       used 19327K, capacity 19830K, committed 19968K, reserved 1067008K
  class space    used 2835K, capacity 3029K, committed 3072K, reserved 1048576K
}
Event: 38.314 GC heap before
{Heap before GC invocations=8 (full 0):
 PSYoungGen      total 69120K, used 22718K [0x00000000e0000000, 0x00000000e8d00000, 0x0000000100000000)
  eden space 62464K, 25% used [0x00000000e0000000,0x00000000e0fafc38,0x00000000e3d00000)
  from space 6656K, 99% used [0x00000000e3d00000,0x00000000e437fbe0,0x00000000e4380000)
  to   space 9728K, 0% used [0x00000000e8380000,0x00000000e8380000,0x00000000e8d00000)
 ParOldGen       total 42496K, used 7948K [0x00000000a0000000, 0x00000000a2980000, 0x00000000e0000000)
  object space 42496K, 18% used [0x00000000a0000000,0x00000000a07c3158,0x00000000a2980000)
 Metaspace       used 20566K, capacity 21116K, committed 21248K, reserved 1067008K
  class space    used 3043K, capacity 3244K, committed 3328K, reserved 1048576K
Event: 38.326 GC heap after
Heap after GC invocations=8 (full 0):
 PSYoungGen      total 134656K, used 5433K [0x00000000e0000000, 0x00000000e8d00000, 0x0000000100000000)
  eden space 124928K, 0% used [0x00000000e0000000,0x00000000e0000000,0x00000000e7a00000)
  from space 9728K, 55% used [0x00000000e8380000,0x00000000e88ce5f8,0x00000000e8d00000)
  to   space 9728K, 0% used [0x00000000e7a00000,0x00000000e7a00000,0x00000000e8380000)
 ParOldGen       total 42496K, used 8420K [0x00000000a0000000, 0x00000000a2980000, 0x00000000e0000000)
  object space 42496K, 19% used [0x00000000a0000000,0x00000000a0839158,0x00000000a2980000)
 Metaspace       used 20566K, capacity 21116K, committed 21248K, reserved 1067008K
  class space    used 3043K, capacity 3244K, committed 3328K, reserved 1048576K
}
Event: 38.326 GC heap before
{Heap before GC invocations=9 (full 1):
 PSYoungGen      total 134656K, used 5433K [0x00000000e0000000, 0x00000000e8d00000, 0x0000000100000000)
  eden space 124928K, 0% used [0x00000000e0000000,0x00000000e0000000,0x00000000e7a00000)
  from space 9728K, 55% used [0x00000000e8380000,0x00000000e88ce5f8,0x00000000e8d00000)
  to   space 9728K, 0% used [0x00000000e7a00000,0x00000000e7a00000,0x00000000e8380000)
 ParOldGen       total 42496K, used 8420K [0x00000000a0000000, 0x00000000a2980000, 0x00000000e0000000)
  object space 42496K, 19% used [0x00000000a0000000,0x00000000a0839158,0x00000000a2980000)
 Metaspace       used 20566K, capacity 21116K, committed 21248K, reserved 1067008K
  class space    used 3043K, capacity 3244K, committed 3328K, reserved 1048576K
Event: 38.476 GC heap after
Heap after GC invocations=9 (full 1):
 PSYoungGen      total 134656K, used 0K [0x00000000e0000000, 0x00000000e8d00000, 0x0000000100000000)
  eden space 124928K, 0% used [0x00000000e0000000,0x00000000e0000000,0x00000000e7a00000)
  from space 9728K, 0% used [0x00000000e8380000,0x00000000e8380000,0x00000000e8d00000)
  to   space 9728K, 0% used [0x00000000e7a00000,0x00000000e7a00000,0x00000000e8380000)
 ParOldGen       total 31744K, used 9749K [0x00000000a0000000, 0x00000000a1f00000, 0x00000000e0000000)
  object space 31744K, 30% used [0x00000000a0000000,0x00000000a09857b0,0x00000000a1f00000)
 Metaspace       used 20566K, capacity 21116K, committed 21248K, reserved 1067008K
  class space    used 3043K, capacity 3244K, committed 3328K, reserved 1048576K
}

Deoptimization events (10 events):
Event: 40.750 Thread 0x00000290aab5d000 Uncommon trap: reason=class_check action=maybe_recompile pc=0x0000029095475a9c method=sun.misc.URLClassPath.getLoader(I)Lsun/misc/URLClassPath$Loader; @ 94
Event: 40.750 Thread 0x00000290aab5d000 Uncommon trap: reason=class_check action=maybe_recompile pc=0x000002909565c7ec method=sun.misc.URLClassPath.getResource(Ljava/lang/String;Z)Lsun/misc/Resource; @ 62
Event: 40.750 Thread 0x00000290aab5d000 Uncommon trap: reason=unstable_if action=reinterpret pc=0x00000290959ece20 method=java.lang.String.regionMatches(ZILjava/lang/String;II)Z @ 41
Event: 40.814 Thread 0x00000290aab5d000 Uncommon trap: reason=class_check action=maybe_recompile pc=0x00000290954764e0 method=sun.misc.URLClassPath.getLoader(I)Lsun/misc/URLClassPath$Loader; @ 239
Event: 40.818 Thread 0x00000290aab5d000 Uncommon trap: reason=unstable_if action=reinterpret pc=0x00000290957d2df0 method=java.lang.String.regionMatches(ZILjava/lang/String;II)Z @ 41
Event: 40.833 Thread 0x00000290aab5d000 Uncommon trap: reason=class_check action=maybe_recompile pc=0x00000290954764e0 method=sun.misc.URLClassPath.getLoader(I)Lsun/misc/URLClassPath$Loader; @ 239
Event: 41.105 Thread 0x00000290aab5d000 Uncommon trap: reason=class_check action=maybe_recompile pc=0x00000290954764e0 method=sun.misc.URLClassPath.getLoader(I)Lsun/misc/URLClassPath$Loader; @ 239
Event: 41.234 Thread 0x00000290aab5d000 Uncommon trap: reason=class_check action=maybe_recompile pc=0x000002909546a3fc method=sun.misc.URLClassPath.getLoader(I)Lsun/misc/URLClassPath$Loader; @ 94
Event: 41.443 Thread 0x00000290aab5d000 Uncommon trap: reason=unstable_if action=reinterpret pc=0x00000290957d20f0 method=java.util.HashMap.hash(Ljava/lang/Object;)I @ 1
Event: 41.712 Thread 0x00000290aab5d000 Uncommon trap: reason=unstable_if action=reinterpret pc=0x00000290955a9740 method=java.io.WinNTFileSystem.resolve(Ljava/lang/String;Ljava/lang/String;)Ljava/lang/String; @ 49

Classes redefined (0 events):
No events

Internal exceptions (10 events):
Event: 41.109 Thread 0x00000290aab5d000 Exception <a 'java/lang/ClassNotFoundException': groovy/lang/ClosureBeanInfo> (0x00000000e32db738) thrown at [C:\wsjdk\Corretto8Src\installers\windows\zip\corretto-build\buildRoot\hotspot\src\share\vm\classfile\systemDictionary.cpp, line 217]
Event: 41.109 Thread 0x00000290aab5d000 Exception <a 'java/lang/ClassNotFoundException': groovy/lang/ClosureCustomizer> (0x00000000e32face0) thrown at [C:\wsjdk\Corretto8Src\installers\windows\zip\corretto-build\buildRoot\hotspot\src\share\vm\classfile\systemDictionary.cpp, line 217]
Event: 41.125 Thread 0x00000290aab5d000 Exception <a 'java/lang/ClassNotFoundException': groovy/lang/Closure$1Customizer> (0x00000000e333c508) thrown at [C:\wsjdk\Corretto8Src\installers\windows\zip\corretto-build\buildRoot\hotspot\src\share\vm\classfile\systemDictionary.cpp, line 217]
Event: 41.240 Thread 0x00000290aab5d000 Exception <a 'java/lang/ClassNotFoundException': sync_studio_tooling591_6rki73ff035r1upm16lw9n3l8BeanInfo> (0x00000000e35894f8) thrown at [C:\wsjdk\Corretto8Src\installers\windows\zip\corretto-build\buildRoot\hotspot\src\share\vm\classfile\systemDictionar
Event: 41.241 Thread 0x00000290aab5d000 Exception <a 'java/lang/ClassNotFoundException': sync_studio_tooling591_6rki73ff035r1upm16lw9n3l8Customizer> (0x00000000e3597f48) thrown at [C:\wsjdk\Corretto8Src\installers\windows\zip\corretto-build\buildRoot\hotspot\src\share\vm\classfile\systemDiction
Event: 41.257 Thread 0x00000290aab5d000 Exception <a 'java/lang/ClassNotFoundException': org/gradle/internal/metaobject/ConfigureDelegateBeanInfo> (0x00000000e38a2190) thrown at [C:\wsjdk\Corretto8Src\installers\windows\zip\corretto-build\buildRoot\hotspot\src\share\vm\classfile\systemDictionar
Event: 41.258 Thread 0x00000290aab5d000 Exception <a 'java/lang/ClassNotFoundException': org/gradle/internal/metaobject/ConfigureDelegateCustomizer> (0x00000000e38cff00) thrown at [C:\wsjdk\Corretto8Src\installers\windows\zip\corretto-build\buildRoot\hotspot\src\share\vm\classfile\systemDiction
Event: 41.267 Thread 0x00000290aab5d000 Exception <a 'java/lang/ClassNotFoundException': org/gradle/api/internal/initialization/DefaultScriptHandlerBeanInfo> (0x00000000e395ed00) thrown at [C:\wsjdk\Corretto8Src\installers\windows\zip\corretto-build\buildRoot\hotspot\src\share\vm\classfile\syst
Event: 41.268 Thread 0x00000290aab5d000 Exception <a 'java/lang/ClassNotFoundException': org/gradle/api/internal/initialization/DefaultScriptHandlerCustomizer> (0x00000000e3994f28) thrown at [C:\wsjdk\Corretto8Src\installers\windows\zip\corretto-build\buildRoot\hotspot\src\share\vm\classfile\sy
Event: 41.443 Thread 0x00000290aab5d000 Implicit null exception at 0x00000290957d1ed5 to 0x00000290957d20e1

Events (10 events):
Event: 41.769 loading class org/gradle/api/artifacts/repositories/IvyArtifactRepository
Event: 41.769 loading class org/gradle/api/artifacts/repositories/IvyArtifactRepository done
Event: 41.770 loading class org/gradle/api/artifacts/repositories/FlatDirectoryArtifactRepository
Event: 41.770 loading class org/gradle/api/artifacts/repositories/FlatDirectoryArtifactRepository done
Event: 41.770 loading class org/gradle/api/internal/collections/CollectionFilter
Event: 41.770 loading class org/gradle/api/internal/collections/CollectionFilter done
Event: 41.774 loading class com/google/common/reflect/TypeToken$4
Event: 41.774 loading class com/google/common/reflect/TypeToken$4 done
Event: 41.788 loading class org/gradle/internal/reflect/JavaReflectionUtil
Event: 41.788 loading class org/gradle/internal/reflect/JavaReflectionUtil done


Dynamic libraries:
0x00007ff6446b0000 - 0x00007ff6446ea000 	C:\Users\Admin\.jdks\corretto-1.8.0_372\bin\java.exe
0x00007fff36170000 - 0x00007fff36365000 	C:\Windows\SYSTEM32\ntdll.dll
0x00007fff36040000 - 0x00007fff360fe000 	C:\Windows\System32\KERNEL32.DLL
0x00007fff33bf0000 - 0x00007fff33eb8000 	C:\Windows\System32\KERNELBASE.dll
0x00007fff347f0000 - 0x00007fff3489c000 	C:\Windows\System32\ADVAPI32.dll
0x00007fff35280000 - 0x00007fff3531e000 	C:\Windows\System32\msvcrt.dll
0x00007fff34fd0000 - 0x00007fff3506b000 	C:\Windows\System32\sechost.dll
0x00007fff35bd0000 - 0x00007fff35cfa000 	C:\Windows\System32\RPCRT4.dll
0x00007fff341c0000 - 0x00007fff34361000 	C:\Windows\System32\USER32.dll
0x00007fff33880000 - 0x00007fff338a2000 	C:\Windows\System32\win32u.dll
0x00007fff36100000 - 0x00007fff3612b000 	C:\Windows\System32\GDI32.dll
0x00007fff340a0000 - 0x00007fff341ad000 	C:\Windows\System32\gdi32full.dll
0x00007fff33910000 - 0x00007fff339ad000 	C:\Windows\System32\msvcp_win.dll
0x00007fff33fa0000 - 0x00007fff340a0000 	C:\Windows\System32\ucrtbase.dll
0x00007fff23d70000 - 0x00007fff2400a000 	C:\Windows\WinSxS\amd64_microsoft.windows.common-controls_6595b64144ccf1df_6.0.19041.1110_none_60b5254171f9507e\COMCTL32.dll
0x00007fff35b30000 - 0x00007fff35b60000 	C:\Windows\System32\IMM32.DLL
0x00007ffef9300000 - 0x00007ffef93ef000 	C:\Users\Admin\.jdks\corretto-1.8.0_372\jre\bin\msvcr120.dll
0x00007ffef7db0000 - 0x00007ffef7e56000 	C:\Users\Admin\.jdks\corretto-1.8.0_372\jre\bin\msvcp120.dll
0x00000000695e0000 - 0x0000000069e55000 	C:\Users\Admin\.jdks\corretto-1.8.0_372\jre\bin\server\jvm.dll
0x00007fff341b0000 - 0x00007fff341b8000 	C:\Windows\System32\PSAPI.DLL
0x00007fff2d1d0000 - 0x00007fff2d1d9000 	C:\Windows\SYSTEM32\WSOCK32.dll
0x00007fff1c510000 - 0x00007fff1c537000 	C:\Windows\SYSTEM32\WINMM.dll
0x00007fff34f60000 - 0x00007fff34fcb000 	C:\Windows\System32\WS2_32.dll
0x00007fff27bf0000 - 0x00007fff27bfa000 	C:\Windows\SYSTEM32\VERSION.dll
0x00007fff24a30000 - 0x00007fff24a3f000 	C:\Users\Admin\.jdks\corretto-1.8.0_372\jre\bin\verify.dll
0x00007fff18230000 - 0x00007fff18259000 	C:\Users\Admin\.jdks\corretto-1.8.0_372\jre\bin\java.dll
0x00007fff24a10000 - 0x00007fff24a26000 	C:\Users\Admin\.jdks\corretto-1.8.0_372\jre\bin\zip.dll
0x00007fff35330000 - 0x00007fff35a74000 	C:\Windows\System32\SHELL32.dll
0x00007fff31b20000 - 0x00007fff322b4000 	C:\Windows\SYSTEM32\windows.storage.dll
0x00007fff34b20000 - 0x00007fff34e75000 	C:\Windows\System32\combase.dll
0x00007fff33200000 - 0x00007fff3322e000 	C:\Windows\SYSTEM32\Wldp.dll
0x00007fff35a80000 - 0x00007fff35b2d000 	C:\Windows\System32\SHCORE.dll
0x00007fff35b70000 - 0x00007fff35bc5000 	C:\Windows\System32\shlwapi.dll
0x00007fff337c0000 - 0x00007fff337df000 	C:\Windows\SYSTEM32\profapi.dll
0x00007fff1b6a0000 - 0x00007fff1b6ba000 	C:\Users\Admin\.jdks\corretto-1.8.0_372\jre\bin\net.dll
0x00007fff32f60000 - 0x00007fff32fca000 	C:\Windows\system32\mswsock.dll
0x00007fff17f00000 - 0x00007fff17f12000 	C:\Users\Admin\.jdks\corretto-1.8.0_372\jre\bin\nio.dll
0x00007fff24d30000 - 0x00007fff24d56000 	C:\Users\Admin\Downloads\FoodDeliveryApp-master\native\30\windows-amd64\native-platform.dll
0x00007fff1bbe0000 - 0x00007fff1bbed000 	C:\Users\Admin\.jdks\corretto-1.8.0_372\jre\bin\management.dll
0x00007fff33150000 - 0x00007fff33168000 	C:\Windows\SYSTEM32\CRYPTSP.dll
0x00007fff32a90000 - 0x00007fff32ac4000 	C:\Windows\system32\rsaenh.dll
0x00007fff339b0000 - 0x00007fff339d7000 	C:\Windows\System32\bcrypt.dll
0x00007fff33710000 - 0x00007fff3373e000 	C:\Windows\SYSTEM32\USERENV.dll
0x00007fff33f10000 - 0x00007fff33f93000 	C:\Windows\System32\bcryptprimitives.dll
0x00007fff33170000 - 0x00007fff3317c000 	C:\Windows\SYSTEM32\CRYPTBASE.dll
0x00007fff32c50000 - 0x00007fff32c8b000 	C:\Windows\SYSTEM32\IPHLPAPI.DLL
0x00007fff35b60000 - 0x00007fff35b68000 	C:\Windows\System32\NSI.dll
0x00007fff2bd50000 - 0x00007fff2bd67000 	C:\Windows\SYSTEM32\dhcpcsvc6.DLL
0x00007fff2cb10000 - 0x00007fff2cb2d000 	C:\Windows\SYSTEM32\dhcpcsvc.DLL
0x00007fff32ca0000 - 0x00007fff32d6b000 	C:\Windows\SYSTEM32\DNSAPI.dll

VM Arguments:
jvm_args: -Xmx1536m -Dfile.encoding=windows-1252 -Duser.country=US -Duser.language=en -Duser.variant 
java_command: org.gradle.launcher.daemon.bootstrap.GradleDaemon 5.6.4
java_class_path (initial): C:\Users\Admin\Downloads\FoodDeliveryApp-master\wrapper\dists\gradle-5.6.4-bin\bxirm19lnfz6nurbatndyydux\gradle-5.6.4\lib\gradle-launcher-5.6.4.jar
Launcher Type: SUN_STANDARD

Environment Variables:
PATH=C:\Program Files\Common Files\Oracle\Java\javapath;C:\Windows\system32;C:\Windows;C:\Windows\System32\Wbem;C:\Windows\System32\WindowsPowerShell\v1.0\;C:\Windows\System32\OpenSSH\;C:\Program Files\Git\cmd;C:\Program Files\Microsoft SQL Server\Client SDK\ODBC\130\Tools\Binn\;C:\Program Files (x86)\Microsoft SQL Server\140\Tools\Binn\;C:\Program Files\Microsoft SQL Server\140\Tools\Binn\;C:\Program Files\Microsoft SQL Server\140\DTS\Binn\;C:\Program Files (x86)\Microsoft SQL Server\160\DTS\Binn\;C:\Users\Admin\AppData\Local\Microsoft\WindowsApps;C:\Users\Admin\AppData\Local\Programs\Microsoft VS Code\bin;C:\Program Files\Azure Data Studio\bin
USERNAME=Admin
OS=Windows_NT
PROCESSOR_IDENTIFIER=Intel64 Family 6 Model 122 Stepping 1, GenuineIntel



---------------  S Y S T E M  ---------------

OS: Windows 10 , 64 bit Build 19041 (10.0.19041.1348)

CPU:total 2 (initial active 2) (2 cores per cpu, 1 threads per core) family 6 model 122 stepping 1, cmov, cx8, fxsr, mmx, sse, sse2, sse3, ssse3, sse4.1, sse4.2, popcnt, aes, clmul, erms, 3dnowpref, tsc, tscinvbit

Memory: 4k page, physical 4012932k(423856k free), swap 4012932k(5548k free)

vm_info: OpenJDK 64-Bit Server VM (25.372-b07) for windows-amd64 JRE (1.8.0_372-b07), built on Apr 17 2023 22:43:30 by "Administrator" with MS VC++ 12.0 (VS2013)

time: Fri Jul 07 21:51:36 2023
timezone: SE Asia Standard Time
elapsed time: 41.855393 seconds (0d 0h 0m 41s)

